INFO:Importance:Reading Scenario file and files specified in the scenario
INFO:smac.scenario.scenario.Scenario:Reading scenario file: /home/nttd/Dropbox/St-Andrews/carola/experiments/results-details/irace-rdata-files/LL_static-param01/LL_static-param01-6000/11/new-fanova-marginalize/scenario.txt
INFO:smac.scenario.scenario.Scenario:Output to smac3-output_2018-12-14_15:17:41_885840
INFO:Importance:Reading Runhistory
INFO:Importance:#RunHistories found: 1
INFO:Importance:Combined number of Runhistory data points: 4051
INFO:Importance:Number of Configurations: 2367
INFO:Importance:Converting Data and constructing Model
INFO:Importance:Using model <pimp.epm.unlogged_epar_x_rfwi.UnloggedEPARXrfi object at 0x7fc283bca128>
INFO:Importance:Size of training X: (1983, 5)
INFO:Importance:Size of training y: (1983, 1)
INFO:Importance:Data was not imputed
INFO:Importance:Thus the size of X might be smaller than the datapoints in the RunHistory
INFO:Importance:Fitting Model
INFO:Importance:PREPROCESSING PREPROCESSING PREPROCESSING PREPROCESSING PREPROCESSING PREPROCESSING
INFO:Importance:Marginalizing away all instances!
Completed:   0%|          | 0/2367 [00:00<?, ?it/s]Completed:  11%|#1        | 268/2367 [00:00<00:00, 2672.29it/s]Completed:  22%|##1       | 515/2367 [00:00<00:00, 2567.30it/s]Completed:  31%|###1      | 736/2367 [00:00<00:00, 2444.68it/s]Completed:  42%|####1     | 984/2367 [00:00<00:00, 2452.49it/s]Completed:  53%|#####2    | 1247/2367 [00:00<00:00, 2487.58it/s]Completed:  64%|######3   | 1508/2367 [00:00<00:00, 2506.51it/s]Completed:  75%|#######5  | 1779/2367 [00:00<00:00, 2534.71it/s]Completed:  87%|########6 | 2053/2367 [00:00<00:00, 2559.29it/s]Completed:  98%|#########8| 2327/2367 [00:00<00:00, 2579.16it/s]Completed: 100%|##########| 2367/2367 [00:00<00:00, 2578.55it/s]
INFO:Importance:Size of training X after preprocessing: (2367, 4)
INFO:Importance:Size of training y after preprocessing: (2367, 1)
INFO:Importance:Finished Preprocessing
INFO:Importance:Reading traj_file: /home/nttd/Dropbox/St-Andrews/carola/experiments/results-details/irace-rdata-files/LL_static-param01/LL_static-param01-6000/11/new-fanova-marginalize/traj_aclib2.json
INFO:Importance:Incumbent Configuration:
  LL_static_crossOverBias, Value: 0.0124
  LL_static_lambda1, Value: 6
  LL_static_lambda2, Value: 78
  LL_static_lda, Value: 6

INFO:Importance:Best incumbent found in /home/nttd/Dropbox/St-Andrews/carola/experiments/results-details/irace-rdata-files/LL_static-param01/LL_static-param01-6000/11/new-fanova-marginalize
INFO:Importance:Running fanova
INFO:Importance:Setting up Evaluation Method
INFO:Importance:Using model <pimp.epm.unlogged_rfwi.Unloggedrfwi object at 0x7fc283bca048>
INFO:Importance:X shape (2367, 4)
INFO:fANOVA:No preprocessing necessary
INFO:fANOVA:03 LL_static_lda                 : 0.4588
INFO:fANOVA:00 LL_static_crossOverBias       : 0.3721
INFO:fANOVA:01 LL_static_lambda1             : 0.0291
INFO:fANOVA:02 LL_static_lambda2             : 0.0023
INFO:fANOVA:Computing most important pairwise marginals using at most the 4 most important ones.
INFO:fANOVA:-1 LL_static_lda <> LL_st...rBias: 0.0476
INFO:fANOVA:-1 LL_static_lda <> LL_st...mbda1: 0.0165
INFO:fANOVA:-1 LL_static_lda <> LL_st...mbda2: 0.0039
INFO:fANOVA:-1 LL_st...rBias <> LL_st...mbda1: 0.0375
INFO:fANOVA:-1 LL_st...rBias <> LL_st...mbda2: 0.0048
INFO:fANOVA:-1 LL_st...mbda1 <> LL_st...mbda2: 0.0019
INFO:fANOVA:Getting Marginals!
  0%|          | 0/4 [00:00<?, ?it/s]Creating fANOVA plot: LL_static_lda_log.png:   0%|          | 0/4 [00:02<?, ?it/s]Creating fANOVA plot: LL_static_lda_log.png:  25%|##5       | 1/4 [00:02<00:06,  2.08s/it]Creating fANOVA plot: LL_static_crossOverBias_log.pn:  25%|##5       | 1/4 [00:03<00:11,  3.73s/it]Creating fANOVA plot: LL_static_crossOverBias_log.pn:  50%|#####     | 2/4 [00:03<00:03,  1.87s/it]Creating fANOVA plot: LL_static_lambda1_log.png:  50%|#####     | 2/4 [00:05<00:05,  2.86s/it]     Creating fANOVA plot: LL_static_lambda1_log.png:  75%|#######5  | 3/4 [00:05<00:01,  1.91s/it]Creating fANOVA plot: LL_static_lambda2_log.png:  75%|#######5  | 3/4 [00:08<00:02,  2.81s/it]Creating fANOVA plot: LL_static_lambda2_log.png: 100%|##########| 4/4 [00:08<00:00,  2.10s/it]
INFO:fANOVA:Plotting Pairwise-Marginals!
/home/nttd/Dropbox/softwares/miniconda3/lib/python3.6/site-packages/matplotlib/pyplot.py:524: RuntimeWarning: More than 5 figures have been opened. Figures created through the pyplot interface (`matplotlib.pyplot.figure`) are retained until explicitly closed and may consume too much memory. (To control this warning, see the rcParam `figure.max_open_warning`).
  max_open_warning, RuntimeWarning)
                                                 | fANOVA
---------------------------------------------------------
                                   LL_static_lda |  45.884
                         LL_static_crossOverBias |  37.210
                               LL_static_lambda1 |  2.915
                               LL_static_lambda2 |  0.225
    ['LL_static_lda', 'LL_static_crossOverBias'] |  4.757
          ['LL_static_lda', 'LL_static_lambda1'] |  1.653
          ['LL_static_lda', 'LL_static_lambda2'] |  0.391
['LL_static_crossOverBias', 'LL_static_lambda1'] |  3.755
['LL_static_crossOverBias', 'LL_static_lambda2'] |  0.475
      ['LL_static_lambda1', 'LL_static_lambda2'] |  0.190

creating /home/nttd/Dropbox/St-Andrews/carola/experiments/results-details/irace-rdata-files/LL_static-param01/LL_static-param01-6000/11/new-fanova-marginalize/PIMP_fanova/fanova/LL_static_lda_LL_static_crossOverBias.png
creating /home/nttd/Dropbox/St-Andrews/carola/experiments/results-details/irace-rdata-files/LL_static-param01/LL_static-param01-6000/11/new-fanova-marginalize/PIMP_fanova/fanova/interactive_plots
creating /home/nttd/Dropbox/St-Andrews/carola/experiments/results-details/irace-rdata-files/LL_static-param01/LL_static-param01-6000/11/new-fanova-marginalize/PIMP_fanova/fanova/LL_static_crossOverBias_LL_static_lambda1.png
creating /home/nttd/Dropbox/St-Andrews/carola/experiments/results-details/irace-rdata-files/LL_static-param01/LL_static-param01-6000/11/new-fanova-marginalize/PIMP_fanova/fanova/interactive_plots
creating /home/nttd/Dropbox/St-Andrews/carola/experiments/results-details/irace-rdata-files/LL_static-param01/LL_static-param01-6000/11/new-fanova-marginalize/PIMP_fanova/fanova/LL_static_lda_LL_static_lambda1.png
creating /home/nttd/Dropbox/St-Andrews/carola/experiments/results-details/irace-rdata-files/LL_static-param01/LL_static-param01-6000/11/new-fanova-marginalize/PIMP_fanova/fanova/interactive_plots
creating /home/nttd/Dropbox/St-Andrews/carola/experiments/results-details/irace-rdata-files/LL_static-param01/LL_static-param01-6000/11/new-fanova-marginalize/PIMP_fanova/fanova/LL_static_crossOverBias_LL_static_lambda2.png
creating /home/nttd/Dropbox/St-Andrews/carola/experiments/results-details/irace-rdata-files/LL_static-param01/LL_static-param01-6000/11/new-fanova-marginalize/PIMP_fanova/fanova/interactive_plots
creating /home/nttd/Dropbox/St-Andrews/carola/experiments/results-details/irace-rdata-files/LL_static-param01/LL_static-param01-6000/11/new-fanova-marginalize/PIMP_fanova/fanova/LL_static_lda_LL_static_lambda2.png
creating /home/nttd/Dropbox/St-Andrews/carola/experiments/results-details/irace-rdata-files/LL_static-param01/LL_static-param01-6000/11/new-fanova-marginalize/PIMP_fanova/fanova/interactive_plots
creating /home/nttd/Dropbox/St-Andrews/carola/experiments/results-details/irace-rdata-files/LL_static-param01/LL_static-param01-6000/11/new-fanova-marginalize/PIMP_fanova/fanova/LL_static_lambda1_LL_static_lambda2.png
creating /home/nttd/Dropbox/St-Andrews/carola/experiments/results-details/irace-rdata-files/LL_static-param01/LL_static-param01-6000/11/new-fanova-marginalize/PIMP_fanova/fanova/interactive_plots
Parameter Importance values, obtained using the PIMP package. Ablation values are percentages of improvement a single parameter change obtained between the default and an incumbent configuration.
fANOVA values are percentages that show how much variance across the whole ConfigSpace can be explained by that parameter.
Forward Selection values are RMSE values obtained using only a subset of parameters for prediction.
fANOVA and Forward Selection try to estimate the importances across the whole parameter space, while ablation tries to estimate them between two given configurations.
