INFO:Importance:Reading Scenario file and files specified in the scenario
INFO:smac.scenario.scenario.Scenario:Reading scenario file: /home/nttd/Dropbox/St-Andrews/carola/experiments/results-details/irace-rdata-files/LL_static-param01/LL_static-param01-3500/11/new-fanova-marginalize/scenario.txt
INFO:smac.scenario.scenario.Scenario:Output to smac3-output_2018-12-14_15:11:13_167116
INFO:Importance:Reading Runhistory
INFO:Importance:#RunHistories found: 1
INFO:Importance:Combined number of Runhistory data points: 3614
INFO:Importance:Number of Configurations: 2238
INFO:Importance:Converting Data and constructing Model
INFO:Importance:Using model <pimp.epm.unlogged_epar_x_rfwi.UnloggedEPARXrfi object at 0x7fedbe74c4e0>
INFO:Importance:Size of training X: (1626, 5)
INFO:Importance:Size of training y: (1626, 1)
INFO:Importance:Data was not imputed
INFO:Importance:Thus the size of X might be smaller than the datapoints in the RunHistory
INFO:Importance:Fitting Model
INFO:Importance:PREPROCESSING PREPROCESSING PREPROCESSING PREPROCESSING PREPROCESSING PREPROCESSING
INFO:Importance:Marginalizing away all instances!
Completed:   0%|          | 0/2238 [00:00<?, ?it/s]Completed:  10%|9         | 219/2238 [00:00<00:00, 2188.42it/s]Completed:  21%|##1       | 472/2238 [00:00<00:00, 2352.88it/s]Completed:  32%|###1      | 708/2238 [00:00<00:00, 2354.58it/s]Completed:  44%|####4     | 985/2238 [00:00<00:00, 2456.57it/s]Completed:  56%|#####6    | 1256/2238 [00:00<00:00, 2506.26it/s]Completed:  68%|######8   | 1524/2238 [00:00<00:00, 2534.79it/s]Completed:  78%|#######8  | 1756/2238 [00:00<00:00, 2474.84it/s]Completed:  89%|########8 | 1984/2238 [00:00<00:00, 2450.39it/s]Completed:  99%|#########8| 2211/2238 [00:00<00:00, 2392.60it/s]Completed: 100%|##########| 2238/2238 [00:00<00:00, 2391.78it/s]
INFO:Importance:Size of training X after preprocessing: (2238, 4)
INFO:Importance:Size of training y after preprocessing: (2238, 1)
INFO:Importance:Finished Preprocessing
INFO:Importance:Reading traj_file: /home/nttd/Dropbox/St-Andrews/carola/experiments/results-details/irace-rdata-files/LL_static-param01/LL_static-param01-3500/11/new-fanova-marginalize/traj_aclib2.json
INFO:Importance:Incumbent Configuration:
  LL_static_crossOverBias, Value: 0.0121
  LL_static_lambda1, Value: 6
  LL_static_lambda2, Value: 76
  LL_static_lda, Value: 7

INFO:Importance:Best incumbent found in /home/nttd/Dropbox/St-Andrews/carola/experiments/results-details/irace-rdata-files/LL_static-param01/LL_static-param01-3500/11/new-fanova-marginalize
INFO:Importance:Running fanova
INFO:Importance:Setting up Evaluation Method
INFO:Importance:Using model <pimp.epm.unlogged_rfwi.Unloggedrfwi object at 0x7fedbe955048>
INFO:Importance:X shape (2238, 4)
INFO:fANOVA:No preprocessing necessary
INFO:fANOVA:03 LL_static_lda                 : 0.4012
INFO:fANOVA:00 LL_static_crossOverBias       : 0.3897
INFO:fANOVA:01 LL_static_lambda1             : 0.0234
INFO:fANOVA:02 LL_static_lambda2             : 0.0050
INFO:fANOVA:Computing most important pairwise marginals using at most the 4 most important ones.
INFO:fANOVA:-1 LL_static_lda <> LL_st...rBias: 0.0661
INFO:fANOVA:-1 LL_static_lda <> LL_st...mbda1: 0.0276
INFO:fANOVA:-1 LL_static_lda <> LL_st...mbda2: 0.0085
INFO:fANOVA:-1 LL_st...rBias <> LL_st...mbda1: 0.0287
INFO:fANOVA:-1 LL_st...rBias <> LL_st...mbda2: 0.0082
INFO:fANOVA:-1 LL_st...mbda1 <> LL_st...mbda2: 0.0031
INFO:fANOVA:Getting Marginals!
  0%|          | 0/4 [00:00<?, ?it/s]Creating fANOVA plot: LL_static_lda_log.png:   0%|          | 0/4 [00:02<?, ?it/s]Creating fANOVA plot: LL_static_lda_log.png:  25%|##5       | 1/4 [00:02<00:06,  2.05s/it]Creating fANOVA plot: LL_static_crossOverBias_log.pn:  25%|##5       | 1/4 [00:03<00:11,  3.68s/it]Creating fANOVA plot: LL_static_crossOverBias_log.pn:  50%|#####     | 2/4 [00:03<00:03,  1.84s/it]Creating fANOVA plot: LL_static_lambda1_log.png:  50%|#####     | 2/4 [00:05<00:05,  2.81s/it]     Creating fANOVA plot: LL_static_lambda1_log.png:  75%|#######5  | 3/4 [00:05<00:01,  1.87s/it]Creating fANOVA plot: LL_static_lambda2_log.png:  75%|#######5  | 3/4 [00:08<00:02,  2.80s/it]Creating fANOVA plot: LL_static_lambda2_log.png: 100%|##########| 4/4 [00:08<00:00,  2.10s/it]
INFO:fANOVA:Plotting Pairwise-Marginals!
/home/nttd/Dropbox/softwares/miniconda3/lib/python3.6/site-packages/matplotlib/pyplot.py:524: RuntimeWarning: More than 5 figures have been opened. Figures created through the pyplot interface (`matplotlib.pyplot.figure`) are retained until explicitly closed and may consume too much memory. (To control this warning, see the rcParam `figure.max_open_warning`).
  max_open_warning, RuntimeWarning)
                                                 | fANOVA
---------------------------------------------------------
                                   LL_static_lda |  40.122
                         LL_static_crossOverBias |  38.973
                               LL_static_lambda1 |  2.344
                               LL_static_lambda2 |  0.504
    ['LL_static_lda', 'LL_static_crossOverBias'] |  6.609
          ['LL_static_lda', 'LL_static_lambda1'] |  2.761
          ['LL_static_lda', 'LL_static_lambda2'] |  0.849
['LL_static_crossOverBias', 'LL_static_lambda1'] |  2.867
['LL_static_crossOverBias', 'LL_static_lambda2'] |  0.816
      ['LL_static_lambda1', 'LL_static_lambda2'] |  0.309

creating /home/nttd/Dropbox/St-Andrews/carola/experiments/results-details/irace-rdata-files/LL_static-param01/LL_static-param01-3500/11/new-fanova-marginalize/PIMP_fanova/fanova/LL_static_lda_LL_static_crossOverBias.png
creating /home/nttd/Dropbox/St-Andrews/carola/experiments/results-details/irace-rdata-files/LL_static-param01/LL_static-param01-3500/11/new-fanova-marginalize/PIMP_fanova/fanova/interactive_plots
creating /home/nttd/Dropbox/St-Andrews/carola/experiments/results-details/irace-rdata-files/LL_static-param01/LL_static-param01-3500/11/new-fanova-marginalize/PIMP_fanova/fanova/LL_static_crossOverBias_LL_static_lambda1.png
creating /home/nttd/Dropbox/St-Andrews/carola/experiments/results-details/irace-rdata-files/LL_static-param01/LL_static-param01-3500/11/new-fanova-marginalize/PIMP_fanova/fanova/interactive_plots
creating /home/nttd/Dropbox/St-Andrews/carola/experiments/results-details/irace-rdata-files/LL_static-param01/LL_static-param01-3500/11/new-fanova-marginalize/PIMP_fanova/fanova/LL_static_lda_LL_static_lambda1.png
creating /home/nttd/Dropbox/St-Andrews/carola/experiments/results-details/irace-rdata-files/LL_static-param01/LL_static-param01-3500/11/new-fanova-marginalize/PIMP_fanova/fanova/interactive_plots
creating /home/nttd/Dropbox/St-Andrews/carola/experiments/results-details/irace-rdata-files/LL_static-param01/LL_static-param01-3500/11/new-fanova-marginalize/PIMP_fanova/fanova/LL_static_lda_LL_static_lambda2.png
creating /home/nttd/Dropbox/St-Andrews/carola/experiments/results-details/irace-rdata-files/LL_static-param01/LL_static-param01-3500/11/new-fanova-marginalize/PIMP_fanova/fanova/interactive_plots
creating /home/nttd/Dropbox/St-Andrews/carola/experiments/results-details/irace-rdata-files/LL_static-param01/LL_static-param01-3500/11/new-fanova-marginalize/PIMP_fanova/fanova/LL_static_crossOverBias_LL_static_lambda2.png
creating /home/nttd/Dropbox/St-Andrews/carola/experiments/results-details/irace-rdata-files/LL_static-param01/LL_static-param01-3500/11/new-fanova-marginalize/PIMP_fanova/fanova/interactive_plots
creating /home/nttd/Dropbox/St-Andrews/carola/experiments/results-details/irace-rdata-files/LL_static-param01/LL_static-param01-3500/11/new-fanova-marginalize/PIMP_fanova/fanova/LL_static_lambda1_LL_static_lambda2.png
creating /home/nttd/Dropbox/St-Andrews/carola/experiments/results-details/irace-rdata-files/LL_static-param01/LL_static-param01-3500/11/new-fanova-marginalize/PIMP_fanova/fanova/interactive_plots
Parameter Importance values, obtained using the PIMP package. Ablation values are percentages of improvement a single parameter change obtained between the default and an incumbent configuration.
fANOVA values are percentages that show how much variance across the whole ConfigSpace can be explained by that parameter.
Forward Selection values are RMSE values obtained using only a subset of parameters for prediction.
fANOVA and Forward Selection try to estimate the importances across the whole parameter space, while ablation tries to estimate them between two given configurations.
