INFO:Importance:Reading Scenario file and files specified in the scenario
INFO:smac.scenario.scenario.Scenario:Reading scenario file: /home/nttd/Dropbox/St-Andrews/carola/experiments/results-details/irace-rdata-files/LL_dynamic_02-param02/LL_dynamic_02-param02-1500/11/new-fanova-marginalize/scenario.txt
INFO:smac.scenario.scenario.Scenario:Output to smac3-output_2018-12-14_16:40:48_391648
INFO:Importance:Reading Runhistory
INFO:Importance:#RunHistories found: 1
INFO:Importance:Combined number of Runhistory data points: 4960
INFO:Importance:Number of Configurations: 1816
INFO:Importance:Converting Data and constructing Model
INFO:Importance:Using model <pimp.epm.unlogged_epar_x_rfwi.UnloggedEPARXrfi object at 0x7fb8f561d550>
INFO:Importance:Size of training X: (3601, 6)
INFO:Importance:Size of training y: (3601, 1)
INFO:Importance:Data was not imputed
INFO:Importance:Thus the size of X might be smaller than the datapoints in the RunHistory
INFO:Importance:Fitting Model
INFO:Importance:PREPROCESSING PREPROCESSING PREPROCESSING PREPROCESSING PREPROCESSING PREPROCESSING
INFO:Importance:Marginalizing away all instances!
Completed:   0%|          | 0/1816 [00:00<?, ?it/s]Completed:  15%|#5        | 275/1816 [00:00<00:00, 2743.88it/s]Completed:  30%|###       | 551/1816 [00:00<00:00, 2750.20it/s]Completed:  45%|####5     | 825/1816 [00:00<00:00, 2746.68it/s]Completed:  60%|######    | 1094/1816 [00:00<00:00, 2732.33it/s]Completed:  73%|#######3  | 1327/1816 [00:00<00:00, 2650.73it/s]Completed:  85%|########5 | 1551/1816 [00:00<00:00, 2582.29it/s]Completed: 100%|##########| 1816/1816 [00:00<00:00, 2608.01it/s]
INFO:Importance:Size of training X after preprocessing: (1816, 5)
INFO:Importance:Size of training y after preprocessing: (1816, 1)
INFO:Importance:Finished Preprocessing
INFO:Importance:Reading traj_file: /home/nttd/Dropbox/St-Andrews/carola/experiments/results-details/irace-rdata-files/LL_dynamic_02-param02/LL_dynamic_02-param02-1500/11/new-fanova-marginalize/traj_aclib2.json
INFO:Importance:Incumbent Configuration:
  LL_dynamic_02_a, Value: 1.1433
  LL_dynamic_02_alpha, Value: 0.3779
  LL_dynamic_02_b, Value: 0.7361
  LL_dynamic_02_beta, Value: 1.7274
  LL_dynamic_02_gamma, Value: 1.0036

INFO:Importance:Best incumbent found in /home/nttd/Dropbox/St-Andrews/carola/experiments/results-details/irace-rdata-files/LL_dynamic_02-param02/LL_dynamic_02-param02-1500/11/new-fanova-marginalize
INFO:Importance:Running fanova
INFO:Importance:Setting up Evaluation Method
INFO:Importance:Using model <pimp.epm.unlogged_rfwi.Unloggedrfwi object at 0x7fb8f5623048>
INFO:Importance:X shape (1816, 5)
INFO:fANOVA:No preprocessing necessary
INFO:fANOVA:01 LL_dynamic_02_alpha           : 0.4480
INFO:fANOVA:04 LL_dynamic_02_gamma           : 0.3695
INFO:fANOVA:00 LL_dynamic_02_a               : 0.0155
INFO:fANOVA:03 LL_dynamic_02_beta            : 0.0074
INFO:fANOVA:02 LL_dynamic_02_b               : 0.0043
INFO:fANOVA:Computing most important pairwise marginals using at most the 5 most important ones.
INFO:fANOVA:-1 LL_dy...alpha <> LL_dy...gamma: 0.0681
INFO:fANOVA:-1 LL_dy...alpha <> LL_dy..._02_a: 0.0181
INFO:fANOVA:-1 LL_dy...alpha <> LL_dy..._beta: 0.0082
INFO:fANOVA:-1 LL_dy...alpha <> LL_dy..._02_b: 0.0038
INFO:fANOVA:-1 LL_dy...gamma <> LL_dy..._02_a: 0.0087
INFO:fANOVA:-1 LL_dy...gamma <> LL_dy..._beta: 0.0140
INFO:fANOVA:-1 LL_dy...gamma <> LL_dy..._02_b: 0.0029
INFO:fANOVA:-1 LL_dy..._02_a <> LL_dy..._beta: 0.0013
INFO:fANOVA:-1 LL_dy..._02_a <> LL_dy..._02_b: 0.0045
INFO:fANOVA:-1 LL_dy..._beta <> LL_dy..._02_b: 0.0009
INFO:fANOVA:Getting Marginals!
  0%|          | 0/5 [00:00<?, ?it/s]Creating fANOVA plot: LL_dynamic_02_alpha_log.png:   0%|          | 0/5 [00:01<?, ?it/s]Creating fANOVA plot: LL_dynamic_02_alpha_log.png:  20%|##        | 1/5 [00:01<00:06,  1.54s/it]Creating fANOVA plot: LL_dynamic_02_gamma_log.png:  20%|##        | 1/5 [00:03<00:12,  3.06s/it]Creating fANOVA plot: LL_dynamic_02_gamma_log.png:  40%|####      | 2/5 [00:03<00:04,  1.53s/it]Creating fANOVA plot: LL_dynamic_02_a_log.png:  40%|####      | 2/5 [00:04<00:06,  2.31s/it]    Creating fANOVA plot: LL_dynamic_02_a_log.png:  60%|######    | 3/5 [00:04<00:03,  1.54s/it]Creating fANOVA plot: LL_dynamic_02_beta_log.png:  60%|######    | 3/5 [00:06<00:04,  2.11s/it]Creating fANOVA plot: LL_dynamic_02_beta_log.png:  80%|########  | 4/5 [00:06<00:01,  1.58s/it]Creating fANOVA plot: LL_dynamic_02_b_log.png:  80%|########  | 4/5 [00:08<00:02,  2.04s/it]   Creating fANOVA plot: LL_dynamic_02_b_log.png: 100%|##########| 5/5 [00:08<00:00,  1.63s/it]
INFO:fANOVA:Plotting Pairwise-Marginals!
/home/nttd/Dropbox/softwares/miniconda3/lib/python3.6/site-packages/matplotlib/pyplot.py:524: RuntimeWarning: More than 5 figures have been opened. Figures created through the pyplot interface (`matplotlib.pyplot.figure`) are retained until explicitly closed and may consume too much memory. (To control this warning, see the rcParam `figure.max_open_warning`).
  max_open_warning, RuntimeWarning)
                                               | fANOVA
-------------------------------------------------------
                           LL_dynamic_02_alpha |  44.802
                           LL_dynamic_02_gamma |  36.945
                               LL_dynamic_02_a |  1.551
                            LL_dynamic_02_beta |  0.743
                               LL_dynamic_02_b |  0.434
['LL_dynamic_02_alpha', 'LL_dynamic_02_gamma'] |  6.809
    ['LL_dynamic_02_alpha', 'LL_dynamic_02_a'] |  1.812
 ['LL_dynamic_02_alpha', 'LL_dynamic_02_beta'] |  0.819
    ['LL_dynamic_02_alpha', 'LL_dynamic_02_b'] |  0.378
    ['LL_dynamic_02_gamma', 'LL_dynamic_02_a'] |  0.866
 ['LL_dynamic_02_gamma', 'LL_dynamic_02_beta'] |  1.398
    ['LL_dynamic_02_gamma', 'LL_dynamic_02_b'] |  0.290
     ['LL_dynamic_02_a', 'LL_dynamic_02_beta'] |  0.133
        ['LL_dynamic_02_a', 'LL_dynamic_02_b'] |  0.447
     ['LL_dynamic_02_beta', 'LL_dynamic_02_b'] |  0.094

creating /home/nttd/Dropbox/St-Andrews/carola/experiments/results-details/irace-rdata-files/LL_dynamic_02-param02/LL_dynamic_02-param02-1500/11/new-fanova-marginalize/PIMP_fanova/fanova/LL_dynamic_02_alpha_LL_dynamic_02_gamma.png
creating /home/nttd/Dropbox/St-Andrews/carola/experiments/results-details/irace-rdata-files/LL_dynamic_02-param02/LL_dynamic_02-param02-1500/11/new-fanova-marginalize/PIMP_fanova/fanova/interactive_plots
creating /home/nttd/Dropbox/St-Andrews/carola/experiments/results-details/irace-rdata-files/LL_dynamic_02-param02/LL_dynamic_02-param02-1500/11/new-fanova-marginalize/PIMP_fanova/fanova/LL_dynamic_02_alpha_LL_dynamic_02_a.png
creating /home/nttd/Dropbox/St-Andrews/carola/experiments/results-details/irace-rdata-files/LL_dynamic_02-param02/LL_dynamic_02-param02-1500/11/new-fanova-marginalize/PIMP_fanova/fanova/interactive_plots
creating /home/nttd/Dropbox/St-Andrews/carola/experiments/results-details/irace-rdata-files/LL_dynamic_02-param02/LL_dynamic_02-param02-1500/11/new-fanova-marginalize/PIMP_fanova/fanova/LL_dynamic_02_gamma_LL_dynamic_02_beta.png
creating /home/nttd/Dropbox/St-Andrews/carola/experiments/results-details/irace-rdata-files/LL_dynamic_02-param02/LL_dynamic_02-param02-1500/11/new-fanova-marginalize/PIMP_fanova/fanova/interactive_plots
creating /home/nttd/Dropbox/St-Andrews/carola/experiments/results-details/irace-rdata-files/LL_dynamic_02-param02/LL_dynamic_02-param02-1500/11/new-fanova-marginalize/PIMP_fanova/fanova/LL_dynamic_02_gamma_LL_dynamic_02_a.png
creating /home/nttd/Dropbox/St-Andrews/carola/experiments/results-details/irace-rdata-files/LL_dynamic_02-param02/LL_dynamic_02-param02-1500/11/new-fanova-marginalize/PIMP_fanova/fanova/interactive_plots
creating /home/nttd/Dropbox/St-Andrews/carola/experiments/results-details/irace-rdata-files/LL_dynamic_02-param02/LL_dynamic_02-param02-1500/11/new-fanova-marginalize/PIMP_fanova/fanova/LL_dynamic_02_alpha_LL_dynamic_02_beta.png
creating /home/nttd/Dropbox/St-Andrews/carola/experiments/results-details/irace-rdata-files/LL_dynamic_02-param02/LL_dynamic_02-param02-1500/11/new-fanova-marginalize/PIMP_fanova/fanova/interactive_plots
creating /home/nttd/Dropbox/St-Andrews/carola/experiments/results-details/irace-rdata-files/LL_dynamic_02-param02/LL_dynamic_02-param02-1500/11/new-fanova-marginalize/PIMP_fanova/fanova/LL_dynamic_02_a_LL_dynamic_02_b.png
creating /home/nttd/Dropbox/St-Andrews/carola/experiments/results-details/irace-rdata-files/LL_dynamic_02-param02/LL_dynamic_02-param02-1500/11/new-fanova-marginalize/PIMP_fanova/fanova/interactive_plots
creating /home/nttd/Dropbox/St-Andrews/carola/experiments/results-details/irace-rdata-files/LL_dynamic_02-param02/LL_dynamic_02-param02-1500/11/new-fanova-marginalize/PIMP_fanova/fanova/LL_dynamic_02_alpha_LL_dynamic_02_b.png
creating /home/nttd/Dropbox/St-Andrews/carola/experiments/results-details/irace-rdata-files/LL_dynamic_02-param02/LL_dynamic_02-param02-1500/11/new-fanova-marginalize/PIMP_fanova/fanova/interactive_plots
creating /home/nttd/Dropbox/St-Andrews/carola/experiments/results-details/irace-rdata-files/LL_dynamic_02-param02/LL_dynamic_02-param02-1500/11/new-fanova-marginalize/PIMP_fanova/fanova/LL_dynamic_02_gamma_LL_dynamic_02_b.png
creating /home/nttd/Dropbox/St-Andrews/carola/experiments/results-details/irace-rdata-files/LL_dynamic_02-param02/LL_dynamic_02-param02-1500/11/new-fanova-marginalize/PIMP_fanova/fanova/interactive_plots
creating /home/nttd/Dropbox/St-Andrews/carola/experiments/results-details/irace-rdata-files/LL_dynamic_02-param02/LL_dynamic_02-param02-1500/11/new-fanova-marginalize/PIMP_fanova/fanova/LL_dynamic_02_a_LL_dynamic_02_beta.png
creating /home/nttd/Dropbox/St-Andrews/carola/experiments/results-details/irace-rdata-files/LL_dynamic_02-param02/LL_dynamic_02-param02-1500/11/new-fanova-marginalize/PIMP_fanova/fanova/interactive_plots
creating /home/nttd/Dropbox/St-Andrews/carola/experiments/results-details/irace-rdata-files/LL_dynamic_02-param02/LL_dynamic_02-param02-1500/11/new-fanova-marginalize/PIMP_fanova/fanova/LL_dynamic_02_beta_LL_dynamic_02_b.png
creating /home/nttd/Dropbox/St-Andrews/carola/experiments/results-details/irace-rdata-files/LL_dynamic_02-param02/LL_dynamic_02-param02-1500/11/new-fanova-marginalize/PIMP_fanova/fanova/interactive_plots
Parameter Importance values, obtained using the PIMP package. Ablation values are percentages of improvement a single parameter change obtained between the default and an incumbent configuration.
fANOVA values are percentages that show how much variance across the whole ConfigSpace can be explained by that parameter.
Forward Selection values are RMSE values obtained using only a subset of parameters for prediction.
fANOVA and Forward Selection try to estimate the importances across the whole parameter space, while ablation tries to estimate them between two given configurations.
