INFO:Importance:Reading Scenario file and files specified in the scenario
INFO:smac.scenario.scenario.Scenario:Reading scenario file: /home/nttd/Dropbox/St-Andrews/carola/experiments/results-details/irace-rdata-files/LL_dynamic_02-param02/LL_dynamic_02-param02-500/11/new-fanova-marginalize/scenario.txt
INFO:smac.scenario.scenario.Scenario:Output to smac3-output_2018-12-14_16:35:34_885066
INFO:Importance:Reading Runhistory
INFO:Importance:#RunHistories found: 1
INFO:Importance:Combined number of Runhistory data points: 4966
INFO:Importance:Number of Configurations: 1893
INFO:Importance:Converting Data and constructing Model
INFO:Importance:Using model <pimp.epm.unlogged_epar_x_rfwi.UnloggedEPARXrfi object at 0x7fb430785668>
INFO:Importance:Size of training X: (3515, 6)
INFO:Importance:Size of training y: (3515, 1)
INFO:Importance:Data was not imputed
INFO:Importance:Thus the size of X might be smaller than the datapoints in the RunHistory
INFO:Importance:Fitting Model
INFO:Importance:PREPROCESSING PREPROCESSING PREPROCESSING PREPROCESSING PREPROCESSING PREPROCESSING
INFO:Importance:Marginalizing away all instances!
Completed:   0%|          | 0/1893 [00:00<?, ?it/s]Completed:  14%|#3        | 262/1893 [00:00<00:00, 2610.10it/s]Completed:  26%|##6       | 495/1893 [00:00<00:00, 2469.94it/s]Completed:  40%|####      | 765/1893 [00:00<00:00, 2545.23it/s]Completed:  55%|#####4    | 1036/1893 [00:00<00:00, 2586.13it/s]Completed:  69%|######9   | 1310/1893 [00:00<00:00, 2615.56it/s]Completed:  84%|########3 | 1584/1893 [00:00<00:00, 2635.22it/s]Completed:  98%|#########8| 1859/1893 [00:00<00:00, 2650.78it/s]Completed: 100%|##########| 1893/1893 [00:00<00:00, 2651.99it/s]
INFO:Importance:Size of training X after preprocessing: (1893, 5)
INFO:Importance:Size of training y after preprocessing: (1893, 1)
INFO:Importance:Finished Preprocessing
INFO:Importance:Reading traj_file: /home/nttd/Dropbox/St-Andrews/carola/experiments/results-details/irace-rdata-files/LL_dynamic_02-param02/LL_dynamic_02-param02-500/11/new-fanova-marginalize/traj_aclib2.json
INFO:Importance:Incumbent Configuration:
  LL_dynamic_02_a, Value: 1.2285
  LL_dynamic_02_alpha, Value: 0.522
  LL_dynamic_02_b, Value: 0.5982
  LL_dynamic_02_beta, Value: 1.8542
  LL_dynamic_02_gamma, Value: 0.8763

INFO:Importance:Best incumbent found in /home/nttd/Dropbox/St-Andrews/carola/experiments/results-details/irace-rdata-files/LL_dynamic_02-param02/LL_dynamic_02-param02-500/11/new-fanova-marginalize
INFO:Importance:Running fanova
INFO:Importance:Setting up Evaluation Method
INFO:Importance:Using model <pimp.epm.unlogged_rfwi.Unloggedrfwi object at 0x7fb430796048>
INFO:Importance:X shape (1893, 5)
INFO:fANOVA:No preprocessing necessary
INFO:fANOVA:04 LL_dynamic_02_gamma           : 0.4841
INFO:fANOVA:01 LL_dynamic_02_alpha           : 0.3637
INFO:fANOVA:00 LL_dynamic_02_a               : 0.0191
INFO:fANOVA:02 LL_dynamic_02_b               : 0.0067
INFO:fANOVA:03 LL_dynamic_02_beta            : 0.0061
INFO:fANOVA:Computing most important pairwise marginals using at most the 5 most important ones.
INFO:fANOVA:-1 LL_dy...gamma <> LL_dy...alpha: 0.0394
INFO:fANOVA:-1 LL_dy...gamma <> LL_dy..._02_a: 0.0133
INFO:fANOVA:-1 LL_dy...gamma <> LL_dy..._02_b: 0.0060
INFO:fANOVA:-1 LL_dy...gamma <> LL_dy..._beta: 0.0116
INFO:fANOVA:-1 LL_dy...alpha <> LL_dy..._02_a: 0.0105
INFO:fANOVA:-1 LL_dy...alpha <> LL_dy..._02_b: 0.0029
INFO:fANOVA:-1 LL_dy...alpha <> LL_dy..._beta: 0.0028
INFO:fANOVA:-1 LL_dy..._02_a <> LL_dy..._02_b: 0.0054
INFO:fANOVA:-1 LL_dy..._02_a <> LL_dy..._beta: 0.0033
INFO:fANOVA:-1 LL_dy..._02_b <> LL_dy..._beta: 0.0002
INFO:fANOVA:Getting Marginals!
  0%|          | 0/5 [00:00<?, ?it/s]Creating fANOVA plot: LL_dynamic_02_gamma_log.png:   0%|          | 0/5 [00:01<?, ?it/s]Creating fANOVA plot: LL_dynamic_02_gamma_log.png:  20%|##        | 1/5 [00:01<00:05,  1.47s/it]Creating fANOVA plot: LL_dynamic_02_alpha_log.png:  20%|##        | 1/5 [00:02<00:11,  2.82s/it]Creating fANOVA plot: LL_dynamic_02_alpha_log.png:  40%|####      | 2/5 [00:02<00:04,  1.41s/it]Creating fANOVA plot: LL_dynamic_02_a_log.png:  40%|####      | 2/5 [00:04<00:06,  2.25s/it]    Creating fANOVA plot: LL_dynamic_02_a_log.png:  60%|######    | 3/5 [00:04<00:02,  1.50s/it]Creating fANOVA plot: LL_dynamic_02_b_log.png:  60%|######    | 3/5 [00:06<00:04,  2.10s/it]Creating fANOVA plot: LL_dynamic_02_b_log.png:  80%|########  | 4/5 [00:06<00:01,  1.58s/it]Creating fANOVA plot: LL_dynamic_02_beta_log.png:  80%|########  | 4/5 [00:08<00:02,  2.12s/it]Creating fANOVA plot: LL_dynamic_02_beta_log.png: 100%|##########| 5/5 [00:08<00:00,  1.70s/it]
INFO:fANOVA:Plotting Pairwise-Marginals!
/home/nttd/Dropbox/softwares/miniconda3/lib/python3.6/site-packages/matplotlib/pyplot.py:524: RuntimeWarning: More than 5 figures have been opened. Figures created through the pyplot interface (`matplotlib.pyplot.figure`) are retained until explicitly closed and may consume too much memory. (To control this warning, see the rcParam `figure.max_open_warning`).
  max_open_warning, RuntimeWarning)
                                               | fANOVA
-------------------------------------------------------
                           LL_dynamic_02_gamma |  48.410
                           LL_dynamic_02_alpha |  36.374
                               LL_dynamic_02_a |  1.910
                               LL_dynamic_02_b |  0.674
                            LL_dynamic_02_beta |  0.610
['LL_dynamic_02_gamma', 'LL_dynamic_02_alpha'] |  3.942
    ['LL_dynamic_02_gamma', 'LL_dynamic_02_a'] |  1.327
    ['LL_dynamic_02_gamma', 'LL_dynamic_02_b'] |  0.600
 ['LL_dynamic_02_gamma', 'LL_dynamic_02_beta'] |  1.155
    ['LL_dynamic_02_alpha', 'LL_dynamic_02_a'] |  1.047
    ['LL_dynamic_02_alpha', 'LL_dynamic_02_b'] |  0.291
 ['LL_dynamic_02_alpha', 'LL_dynamic_02_beta'] |  0.279
        ['LL_dynamic_02_a', 'LL_dynamic_02_b'] |  0.541
     ['LL_dynamic_02_a', 'LL_dynamic_02_beta'] |  0.329
     ['LL_dynamic_02_b', 'LL_dynamic_02_beta'] |  0.019

creating /home/nttd/Dropbox/St-Andrews/carola/experiments/results-details/irace-rdata-files/LL_dynamic_02-param02/LL_dynamic_02-param02-500/11/new-fanova-marginalize/PIMP_fanova/fanova/LL_dynamic_02_gamma_LL_dynamic_02_alpha.png
creating /home/nttd/Dropbox/St-Andrews/carola/experiments/results-details/irace-rdata-files/LL_dynamic_02-param02/LL_dynamic_02-param02-500/11/new-fanova-marginalize/PIMP_fanova/fanova/interactive_plots
creating /home/nttd/Dropbox/St-Andrews/carola/experiments/results-details/irace-rdata-files/LL_dynamic_02-param02/LL_dynamic_02-param02-500/11/new-fanova-marginalize/PIMP_fanova/fanova/LL_dynamic_02_gamma_LL_dynamic_02_a.png
creating /home/nttd/Dropbox/St-Andrews/carola/experiments/results-details/irace-rdata-files/LL_dynamic_02-param02/LL_dynamic_02-param02-500/11/new-fanova-marginalize/PIMP_fanova/fanova/interactive_plots
creating /home/nttd/Dropbox/St-Andrews/carola/experiments/results-details/irace-rdata-files/LL_dynamic_02-param02/LL_dynamic_02-param02-500/11/new-fanova-marginalize/PIMP_fanova/fanova/LL_dynamic_02_gamma_LL_dynamic_02_beta.png
creating /home/nttd/Dropbox/St-Andrews/carola/experiments/results-details/irace-rdata-files/LL_dynamic_02-param02/LL_dynamic_02-param02-500/11/new-fanova-marginalize/PIMP_fanova/fanova/interactive_plots
creating /home/nttd/Dropbox/St-Andrews/carola/experiments/results-details/irace-rdata-files/LL_dynamic_02-param02/LL_dynamic_02-param02-500/11/new-fanova-marginalize/PIMP_fanova/fanova/LL_dynamic_02_alpha_LL_dynamic_02_a.png
creating /home/nttd/Dropbox/St-Andrews/carola/experiments/results-details/irace-rdata-files/LL_dynamic_02-param02/LL_dynamic_02-param02-500/11/new-fanova-marginalize/PIMP_fanova/fanova/interactive_plots
creating /home/nttd/Dropbox/St-Andrews/carola/experiments/results-details/irace-rdata-files/LL_dynamic_02-param02/LL_dynamic_02-param02-500/11/new-fanova-marginalize/PIMP_fanova/fanova/LL_dynamic_02_gamma_LL_dynamic_02_b.png
creating /home/nttd/Dropbox/St-Andrews/carola/experiments/results-details/irace-rdata-files/LL_dynamic_02-param02/LL_dynamic_02-param02-500/11/new-fanova-marginalize/PIMP_fanova/fanova/interactive_plots
creating /home/nttd/Dropbox/St-Andrews/carola/experiments/results-details/irace-rdata-files/LL_dynamic_02-param02/LL_dynamic_02-param02-500/11/new-fanova-marginalize/PIMP_fanova/fanova/LL_dynamic_02_a_LL_dynamic_02_b.png
creating /home/nttd/Dropbox/St-Andrews/carola/experiments/results-details/irace-rdata-files/LL_dynamic_02-param02/LL_dynamic_02-param02-500/11/new-fanova-marginalize/PIMP_fanova/fanova/interactive_plots
creating /home/nttd/Dropbox/St-Andrews/carola/experiments/results-details/irace-rdata-files/LL_dynamic_02-param02/LL_dynamic_02-param02-500/11/new-fanova-marginalize/PIMP_fanova/fanova/LL_dynamic_02_a_LL_dynamic_02_beta.png
creating /home/nttd/Dropbox/St-Andrews/carola/experiments/results-details/irace-rdata-files/LL_dynamic_02-param02/LL_dynamic_02-param02-500/11/new-fanova-marginalize/PIMP_fanova/fanova/interactive_plots
creating /home/nttd/Dropbox/St-Andrews/carola/experiments/results-details/irace-rdata-files/LL_dynamic_02-param02/LL_dynamic_02-param02-500/11/new-fanova-marginalize/PIMP_fanova/fanova/LL_dynamic_02_alpha_LL_dynamic_02_b.png
creating /home/nttd/Dropbox/St-Andrews/carola/experiments/results-details/irace-rdata-files/LL_dynamic_02-param02/LL_dynamic_02-param02-500/11/new-fanova-marginalize/PIMP_fanova/fanova/interactive_plots
creating /home/nttd/Dropbox/St-Andrews/carola/experiments/results-details/irace-rdata-files/LL_dynamic_02-param02/LL_dynamic_02-param02-500/11/new-fanova-marginalize/PIMP_fanova/fanova/LL_dynamic_02_alpha_LL_dynamic_02_beta.png
creating /home/nttd/Dropbox/St-Andrews/carola/experiments/results-details/irace-rdata-files/LL_dynamic_02-param02/LL_dynamic_02-param02-500/11/new-fanova-marginalize/PIMP_fanova/fanova/interactive_plots
creating /home/nttd/Dropbox/St-Andrews/carola/experiments/results-details/irace-rdata-files/LL_dynamic_02-param02/LL_dynamic_02-param02-500/11/new-fanova-marginalize/PIMP_fanova/fanova/LL_dynamic_02_b_LL_dynamic_02_beta.png
creating /home/nttd/Dropbox/St-Andrews/carola/experiments/results-details/irace-rdata-files/LL_dynamic_02-param02/LL_dynamic_02-param02-500/11/new-fanova-marginalize/PIMP_fanova/fanova/interactive_plots
Parameter Importance values, obtained using the PIMP package. Ablation values are percentages of improvement a single parameter change obtained between the default and an incumbent configuration.
fANOVA values are percentages that show how much variance across the whole ConfigSpace can be explained by that parameter.
Forward Selection values are RMSE values obtained using only a subset of parameters for prediction.
fANOVA and Forward Selection try to estimate the importances across the whole parameter space, while ablation tries to estimate them between two given configurations.
