INFO:Importance:Reading Scenario file and files specified in the scenario
INFO:smac.scenario.scenario.Scenario:Reading scenario file: /home/nttd/Dropbox/St-Andrews/carola/experiments/results-details/irace-rdata-files/LL_static-param01/LL_static-param01-8000/11/new-fanova-marginalize/scenario.txt
INFO:smac.scenario.scenario.Scenario:Output to smac3-output_2018-12-14_15:22:10_203151
INFO:Importance:Reading Runhistory
INFO:Importance:#RunHistories found: 1
INFO:Importance:Combined number of Runhistory data points: 2960
INFO:Importance:Number of Configurations: 1806
INFO:Importance:Converting Data and constructing Model
INFO:Importance:Using model <pimp.epm.unlogged_epar_x_rfwi.UnloggedEPARXrfi object at 0x7f8b668043c8>
INFO:Importance:Size of training X: (1413, 5)
INFO:Importance:Size of training y: (1413, 1)
INFO:Importance:Data was not imputed
INFO:Importance:Thus the size of X might be smaller than the datapoints in the RunHistory
INFO:Importance:Fitting Model
INFO:Importance:PREPROCESSING PREPROCESSING PREPROCESSING PREPROCESSING PREPROCESSING PREPROCESSING
INFO:Importance:Marginalizing away all instances!
Completed:   0%|          | 0/1806 [00:00<?, ?it/s]Completed:  14%|#3        | 247/1806 [00:00<00:00, 2463.42it/s]Completed:  28%|##7       | 502/1806 [00:00<00:00, 2500.43it/s]Completed:  42%|####2     | 761/1806 [00:00<00:00, 2527.22it/s]Completed:  56%|#####6    | 1014/1806 [00:00<00:00, 2526.43it/s]Completed:  70%|######9   | 1262/1806 [00:00<00:00, 2514.04it/s]Completed:  83%|########3 | 1504/1806 [00:00<00:00, 2497.00it/s]Completed:  98%|#########8| 1772/1806 [00:00<00:00, 2522.04it/s]Completed: 100%|##########| 1806/1806 [00:00<00:00, 2519.63it/s]
INFO:Importance:Size of training X after preprocessing: (1806, 4)
INFO:Importance:Size of training y after preprocessing: (1806, 1)
INFO:Importance:Finished Preprocessing
INFO:Importance:Reading traj_file: /home/nttd/Dropbox/St-Andrews/carola/experiments/results-details/irace-rdata-files/LL_static-param01/LL_static-param01-8000/11/new-fanova-marginalize/traj_aclib2.json
INFO:Importance:Incumbent Configuration:
  LL_static_crossOverBias, Value: 0.0153
  LL_static_lambda1, Value: 6
  LL_static_lambda2, Value: 43
  LL_static_lda, Value: 9

INFO:Importance:Best incumbent found in /home/nttd/Dropbox/St-Andrews/carola/experiments/results-details/irace-rdata-files/LL_static-param01/LL_static-param01-8000/11/new-fanova-marginalize
INFO:Importance:Running fanova
INFO:Importance:Setting up Evaluation Method
INFO:Importance:Using model <pimp.epm.unlogged_rfwi.Unloggedrfwi object at 0x7f8b667ab668>
INFO:Importance:X shape (1806, 4)
INFO:fANOVA:No preprocessing necessary
INFO:fANOVA:00 LL_static_crossOverBias       : 0.4894
INFO:fANOVA:03 LL_static_lda                 : 0.2889
INFO:fANOVA:01 LL_static_lambda1             : 0.0501
INFO:fANOVA:02 LL_static_lambda2             : 0.0028
INFO:fANOVA:Computing most important pairwise marginals using at most the 4 most important ones.
INFO:fANOVA:-1 LL_st...rBias <> LL_static_lda: 0.0344
INFO:fANOVA:-1 LL_st...rBias <> LL_st...mbda1: 0.0534
INFO:fANOVA:-1 LL_st...rBias <> LL_st...mbda2: 0.0034
INFO:fANOVA:-1 LL_static_lda <> LL_st...mbda1: 0.0363
INFO:fANOVA:-1 LL_static_lda <> LL_st...mbda2: 0.0050
INFO:fANOVA:-1 LL_st...mbda1 <> LL_st...mbda2: 0.0031
INFO:fANOVA:Getting Marginals!
  0%|          | 0/4 [00:00<?, ?it/s]Creating fANOVA plot: LL_static_crossOverBias_log.pn:   0%|          | 0/4 [00:01<?, ?it/s]Creating fANOVA plot: LL_static_crossOverBias_log.pn:  25%|##5       | 1/4 [00:01<00:05,  1.77s/it]Creating fANOVA plot: LL_static_lda_log.png:  25%|##5       | 1/4 [00:03<00:10,  3.59s/it]         Creating fANOVA plot: LL_static_lda_log.png:  50%|#####     | 2/4 [00:03<00:03,  1.79s/it]Creating fANOVA plot: LL_static_lambda1_log.png:  50%|#####     | 2/4 [00:05<00:05,  2.72s/it]Creating fANOVA plot: LL_static_lambda1_log.png:  75%|#######5  | 3/4 [00:05<00:01,  1.82s/it]Creating fANOVA plot: LL_static_lambda2_log.png:  75%|#######5  | 3/4 [00:07<00:02,  2.65s/it]Creating fANOVA plot: LL_static_lambda2_log.png: 100%|##########| 4/4 [00:07<00:00,  1.99s/it]
INFO:fANOVA:Plotting Pairwise-Marginals!
/home/nttd/Dropbox/softwares/miniconda3/lib/python3.6/site-packages/matplotlib/pyplot.py:524: RuntimeWarning: More than 5 figures have been opened. Figures created through the pyplot interface (`matplotlib.pyplot.figure`) are retained until explicitly closed and may consume too much memory. (To control this warning, see the rcParam `figure.max_open_warning`).
  max_open_warning, RuntimeWarning)
                                                 | fANOVA
---------------------------------------------------------
                         LL_static_crossOverBias |  48.944
                                   LL_static_lda |  28.890
                               LL_static_lambda1 |  5.006
                               LL_static_lambda2 |  0.278
    ['LL_static_crossOverBias', 'LL_static_lda'] |  3.435
['LL_static_crossOverBias', 'LL_static_lambda1'] |  5.340
['LL_static_crossOverBias', 'LL_static_lambda2'] |  0.337
          ['LL_static_lda', 'LL_static_lambda1'] |  3.628
          ['LL_static_lda', 'LL_static_lambda2'] |  0.499
      ['LL_static_lambda1', 'LL_static_lambda2'] |  0.312

creating /home/nttd/Dropbox/St-Andrews/carola/experiments/results-details/irace-rdata-files/LL_static-param01/LL_static-param01-8000/11/new-fanova-marginalize/PIMP_fanova/fanova/LL_static_crossOverBias_LL_static_lambda1.png
creating /home/nttd/Dropbox/St-Andrews/carola/experiments/results-details/irace-rdata-files/LL_static-param01/LL_static-param01-8000/11/new-fanova-marginalize/PIMP_fanova/fanova/interactive_plots
creating /home/nttd/Dropbox/St-Andrews/carola/experiments/results-details/irace-rdata-files/LL_static-param01/LL_static-param01-8000/11/new-fanova-marginalize/PIMP_fanova/fanova/LL_static_lda_LL_static_lambda1.png
creating /home/nttd/Dropbox/St-Andrews/carola/experiments/results-details/irace-rdata-files/LL_static-param01/LL_static-param01-8000/11/new-fanova-marginalize/PIMP_fanova/fanova/interactive_plots
creating /home/nttd/Dropbox/St-Andrews/carola/experiments/results-details/irace-rdata-files/LL_static-param01/LL_static-param01-8000/11/new-fanova-marginalize/PIMP_fanova/fanova/LL_static_crossOverBias_LL_static_lda.png
creating /home/nttd/Dropbox/St-Andrews/carola/experiments/results-details/irace-rdata-files/LL_static-param01/LL_static-param01-8000/11/new-fanova-marginalize/PIMP_fanova/fanova/interactive_plots
creating /home/nttd/Dropbox/St-Andrews/carola/experiments/results-details/irace-rdata-files/LL_static-param01/LL_static-param01-8000/11/new-fanova-marginalize/PIMP_fanova/fanova/LL_static_lda_LL_static_lambda2.png
creating /home/nttd/Dropbox/St-Andrews/carola/experiments/results-details/irace-rdata-files/LL_static-param01/LL_static-param01-8000/11/new-fanova-marginalize/PIMP_fanova/fanova/interactive_plots
creating /home/nttd/Dropbox/St-Andrews/carola/experiments/results-details/irace-rdata-files/LL_static-param01/LL_static-param01-8000/11/new-fanova-marginalize/PIMP_fanova/fanova/LL_static_crossOverBias_LL_static_lambda2.png
creating /home/nttd/Dropbox/St-Andrews/carola/experiments/results-details/irace-rdata-files/LL_static-param01/LL_static-param01-8000/11/new-fanova-marginalize/PIMP_fanova/fanova/interactive_plots
creating /home/nttd/Dropbox/St-Andrews/carola/experiments/results-details/irace-rdata-files/LL_static-param01/LL_static-param01-8000/11/new-fanova-marginalize/PIMP_fanova/fanova/LL_static_lambda1_LL_static_lambda2.png
creating /home/nttd/Dropbox/St-Andrews/carola/experiments/results-details/irace-rdata-files/LL_static-param01/LL_static-param01-8000/11/new-fanova-marginalize/PIMP_fanova/fanova/interactive_plots
Parameter Importance values, obtained using the PIMP package. Ablation values are percentages of improvement a single parameter change obtained between the default and an incumbent configuration.
fANOVA values are percentages that show how much variance across the whole ConfigSpace can be explained by that parameter.
Forward Selection values are RMSE values obtained using only a subset of parameters for prediction.
fANOVA and Forward Selection try to estimate the importances across the whole parameter space, while ablation tries to estimate them between two given configurations.
