INFO:Importance:Reading Scenario file and files specified in the scenario
INFO:smac.scenario.scenario.Scenario:Reading scenario file: /home/nttd/Dropbox/St-Andrews/carola/experiments/results-details/irace-rdata-files/LL_dynamic_01-param01/LL_dynamic_01-param01-2000/11/new-fanova-marginalize/scenario.txt
INFO:smac.scenario.scenario.Scenario:Output to smac3-output_2018-12-14_15:53:20_861570
INFO:Importance:Reading Runhistory
INFO:Importance:#RunHistories found: 1
INFO:Importance:Combined number of Runhistory data points: 4861
INFO:Importance:Number of Configurations: 2458
INFO:Importance:Converting Data and constructing Model
INFO:Importance:Using model <pimp.epm.unlogged_epar_x_rfwi.UnloggedEPARXrfi object at 0x7f84af224748>
INFO:Importance:Size of training X: (2842, 3)
INFO:Importance:Size of training y: (2842, 1)
INFO:Importance:Data was not imputed
INFO:Importance:Thus the size of X might be smaller than the datapoints in the RunHistory
INFO:Importance:Fitting Model
INFO:Importance:PREPROCESSING PREPROCESSING PREPROCESSING PREPROCESSING PREPROCESSING PREPROCESSING
INFO:Importance:Marginalizing away all instances!
Completed:   0%|          | 0/2458 [00:00<?, ?it/s]Completed:  14%|#3        | 337/2458 [00:00<00:00, 3365.02it/s]Completed:  26%|##6       | 643/2458 [00:00<00:00, 3208.94it/s]Completed:  38%|###8      | 939/2458 [00:00<00:00, 3123.45it/s]Completed:  51%|#####     | 1247/2458 [00:00<00:00, 3112.09it/s]Completed:  65%|######4   | 1595/2458 [00:00<00:00, 3183.81it/s]Completed:  79%|#######9  | 1944/2458 [00:00<00:00, 3234.31it/s]Completed:  93%|#########3| 2294/2458 [00:00<00:00, 3271.05it/s]Completed: 100%|##########| 2458/2458 [00:00<00:00, 3284.47it/s]
INFO:Importance:Size of training X after preprocessing: (2458, 2)
INFO:Importance:Size of training y after preprocessing: (2458, 1)
INFO:Importance:Finished Preprocessing
INFO:Importance:Reading traj_file: /home/nttd/Dropbox/St-Andrews/carola/experiments/results-details/irace-rdata-files/LL_dynamic_01-param01/LL_dynamic_01-param01-2000/11/new-fanova-marginalize/traj_aclib2.json
INFO:Importance:Incumbent Configuration:
  LL_dynamic_01_a, Value: 1.0756
  LL_dynamic_01_b, Value: 0.7317

INFO:Importance:Best incumbent found in /home/nttd/Dropbox/St-Andrews/carola/experiments/results-details/irace-rdata-files/LL_dynamic_01-param01/LL_dynamic_01-param01-2000/11/new-fanova-marginalize
INFO:Importance:Running fanova
INFO:Importance:Setting up Evaluation Method
INFO:Importance:Using model <pimp.epm.unlogged_rfwi.Unloggedrfwi object at 0x7f84af052710>
INFO:Importance:X shape (2458, 2)
INFO:fANOVA:No preprocessing necessary
INFO:fANOVA:00 LL_dynamic_01_a               : 0.6227
INFO:fANOVA:01 LL_dynamic_01_b               : 0.2166
INFO:fANOVA:Computing most important pairwise marginals using at most the 2 most important ones.
INFO:fANOVA:-1 LL_dy..._01_a <> LL_dy..._01_b: 0.1607
INFO:fANOVA:Getting Marginals!
  0%|          | 0/2 [00:00<?, ?it/s]Creating fANOVA plot: LL_dynamic_01_a_log.png:   0%|          | 0/2 [00:01<?, ?it/s]Creating fANOVA plot: LL_dynamic_01_a_log.png:  50%|#####     | 1/2 [00:01<00:01,  1.62s/it]Creating fANOVA plot: LL_dynamic_01_b_log.png:  50%|#####     | 1/2 [00:03<00:03,  3.03s/it]Creating fANOVA plot: LL_dynamic_01_b_log.png: 100%|##########| 2/2 [00:03<00:00,  1.52s/it]
INFO:fANOVA:Plotting Pairwise-Marginals!
                                       | fANOVA
-----------------------------------------------
                       LL_dynamic_01_a |  62.269
                       LL_dynamic_01_b |  21.660
['LL_dynamic_01_a', 'LL_dynamic_01_b'] |  16.071

creating /home/nttd/Dropbox/St-Andrews/carola/experiments/results-details/irace-rdata-files/LL_dynamic_01-param01/LL_dynamic_01-param01-2000/11/new-fanova-marginalize/PIMP_fanova/fanova/LL_dynamic_01_a_LL_dynamic_01_b.png
creating /home/nttd/Dropbox/St-Andrews/carola/experiments/results-details/irace-rdata-files/LL_dynamic_01-param01/LL_dynamic_01-param01-2000/11/new-fanova-marginalize/PIMP_fanova/fanova/interactive_plots
Parameter Importance values, obtained using the PIMP package. Ablation values are percentages of improvement a single parameter change obtained between the default and an incumbent configuration.
fANOVA values are percentages that show how much variance across the whole ConfigSpace can be explained by that parameter.
Forward Selection values are RMSE values obtained using only a subset of parameters for prediction.
fANOVA and Forward Selection try to estimate the importances across the whole parameter space, while ablation tries to estimate them between two given configurations.
