INFO:Importance:Reading Scenario file and files specified in the scenario
INFO:smac.scenario.scenario.Scenario:Reading scenario file: /home/nttd/Dropbox/St-Andrews/carola/experiments/results-details/irace-rdata-files/LL_dynamic_01-param01/LL_dynamic_01-param01-3500/11/new-fanova-marginalize/scenario.txt
INFO:smac.scenario.scenario.Scenario:Output to smac3-output_2018-12-14_15:55:04_401605
INFO:Importance:Reading Runhistory
INFO:Importance:#RunHistories found: 1
INFO:Importance:Combined number of Runhistory data points: 4891
INFO:Importance:Number of Configurations: 2476
INFO:Importance:Converting Data and constructing Model
INFO:Importance:Using model <pimp.epm.unlogged_epar_x_rfwi.UnloggedEPARXrfi object at 0x7fad28528908>
INFO:Importance:Size of training X: (2883, 3)
INFO:Importance:Size of training y: (2883, 1)
INFO:Importance:Data was not imputed
INFO:Importance:Thus the size of X might be smaller than the datapoints in the RunHistory
INFO:Importance:Fitting Model
INFO:Importance:PREPROCESSING PREPROCESSING PREPROCESSING PREPROCESSING PREPROCESSING PREPROCESSING
INFO:Importance:Marginalizing away all instances!
Completed:   0%|          | 0/2476 [00:00<?, ?it/s]Completed:  13%|#3        | 328/2476 [00:00<00:00, 3274.51it/s]Completed:  27%|##7       | 674/2476 [00:00<00:00, 3363.00it/s]Completed:  41%|####1     | 1026/2476 [00:00<00:00, 3413.89it/s]Completed:  56%|#####5    | 1379/2476 [00:00<00:00, 3441.31it/s]Completed:  70%|######9   | 1728/2476 [00:00<00:00, 3450.12it/s]Completed:  84%|########4 | 2080/2476 [00:00<00:00, 3460.70it/s]Completed:  98%|#########8| 2430/2476 [00:00<00:00, 3465.97it/s]Completed: 100%|##########| 2476/2476 [00:00<00:00, 3466.01it/s]
INFO:Importance:Size of training X after preprocessing: (2476, 2)
INFO:Importance:Size of training y after preprocessing: (2476, 1)
INFO:Importance:Finished Preprocessing
INFO:Importance:Reading traj_file: /home/nttd/Dropbox/St-Andrews/carola/experiments/results-details/irace-rdata-files/LL_dynamic_01-param01/LL_dynamic_01-param01-3500/11/new-fanova-marginalize/traj_aclib2.json
INFO:Importance:Incumbent Configuration:
  LL_dynamic_01_a, Value: 1.0593
  LL_dynamic_01_b, Value: 0.7935

INFO:Importance:Best incumbent found in /home/nttd/Dropbox/St-Andrews/carola/experiments/results-details/irace-rdata-files/LL_dynamic_01-param01/LL_dynamic_01-param01-3500/11/new-fanova-marginalize
INFO:Importance:Running fanova
INFO:Importance:Setting up Evaluation Method
INFO:Importance:Using model <pimp.epm.unlogged_rfwi.Unloggedrfwi object at 0x7fad28251470>
INFO:Importance:X shape (2476, 2)
INFO:fANOVA:No preprocessing necessary
INFO:fANOVA:00 LL_dynamic_01_a               : 0.6086
INFO:fANOVA:01 LL_dynamic_01_b               : 0.2274
INFO:fANOVA:Computing most important pairwise marginals using at most the 2 most important ones.
INFO:fANOVA:-1 LL_dy..._01_a <> LL_dy..._01_b: 0.1641
INFO:fANOVA:Getting Marginals!
  0%|          | 0/2 [00:00<?, ?it/s]Creating fANOVA plot: LL_dynamic_01_a_log.png:   0%|          | 0/2 [00:01<?, ?it/s]Creating fANOVA plot: LL_dynamic_01_a_log.png:  50%|#####     | 1/2 [00:01<00:01,  1.45s/it]Creating fANOVA plot: LL_dynamic_01_b_log.png:  50%|#####     | 1/2 [00:02<00:02,  2.84s/it]Creating fANOVA plot: LL_dynamic_01_b_log.png: 100%|##########| 2/2 [00:02<00:00,  1.42s/it]
INFO:fANOVA:Plotting Pairwise-Marginals!
                                       | fANOVA
-----------------------------------------------
                       LL_dynamic_01_a |  60.857
                       LL_dynamic_01_b |  22.735
['LL_dynamic_01_a', 'LL_dynamic_01_b'] |  16.407

creating /home/nttd/Dropbox/St-Andrews/carola/experiments/results-details/irace-rdata-files/LL_dynamic_01-param01/LL_dynamic_01-param01-3500/11/new-fanova-marginalize/PIMP_fanova/fanova/LL_dynamic_01_a_LL_dynamic_01_b.png
creating /home/nttd/Dropbox/St-Andrews/carola/experiments/results-details/irace-rdata-files/LL_dynamic_01-param01/LL_dynamic_01-param01-3500/11/new-fanova-marginalize/PIMP_fanova/fanova/interactive_plots
Parameter Importance values, obtained using the PIMP package. Ablation values are percentages of improvement a single parameter change obtained between the default and an incumbent configuration.
fANOVA values are percentages that show how much variance across the whole ConfigSpace can be explained by that parameter.
Forward Selection values are RMSE values obtained using only a subset of parameters for prediction.
fANOVA and Forward Selection try to estimate the importances across the whole parameter space, while ablation tries to estimate them between two given configurations.
