INFO:Importance:Reading Scenario file and files specified in the scenario
INFO:smac.scenario.scenario.Scenario:Reading scenario file: /home/nttd/Dropbox/St-Andrews/carola/experiments/results-details/irace-rdata-files/LL_static-param01/LL_static-param01-5000/11/new-fanova-marginalize/scenario.txt
INFO:smac.scenario.scenario.Scenario:Output to smac3-output_2018-12-14_15:16:38_016525
INFO:Importance:Reading Runhistory
INFO:Importance:#RunHistories found: 1
INFO:Importance:Combined number of Runhistory data points: 2774
INFO:Importance:Number of Configurations: 1496
INFO:Importance:Converting Data and constructing Model
INFO:Importance:Using model <pimp.epm.unlogged_epar_x_rfwi.UnloggedEPARXrfi object at 0x7f7d51692550>
INFO:Importance:Size of training X: (1526, 5)
INFO:Importance:Size of training y: (1526, 1)
INFO:Importance:Data was not imputed
INFO:Importance:Thus the size of X might be smaller than the datapoints in the RunHistory
INFO:Importance:Fitting Model
INFO:Importance:PREPROCESSING PREPROCESSING PREPROCESSING PREPROCESSING PREPROCESSING PREPROCESSING
INFO:Importance:Marginalizing away all instances!
Completed:   0%|          | 0/1496 [00:00<?, ?it/s]Completed:  16%|#6        | 242/1496 [00:00<00:00, 2415.74it/s]Completed:  32%|###2      | 483/1496 [00:00<00:00, 2412.84it/s]Completed:  50%|####9     | 741/1496 [00:00<00:00, 2466.06it/s]Completed:  62%|######2   | 935/1496 [00:00<00:00, 2333.77it/s]Completed:  76%|#######6  | 1137/1496 [00:00<00:00, 2271.01it/s]Completed:  92%|#########1| 1375/1496 [00:00<00:00, 2287.50it/s]Completed: 100%|##########| 1496/1496 [00:00<00:00, 2283.41it/s]
INFO:Importance:Size of training X after preprocessing: (1496, 4)
INFO:Importance:Size of training y after preprocessing: (1496, 1)
INFO:Importance:Finished Preprocessing
INFO:Importance:Reading traj_file: /home/nttd/Dropbox/St-Andrews/carola/experiments/results-details/irace-rdata-files/LL_static-param01/LL_static-param01-5000/11/new-fanova-marginalize/traj_aclib2.json
INFO:Importance:Incumbent Configuration:
  LL_static_crossOverBias, Value: 0.013
  LL_static_lambda1, Value: 6
  LL_static_lambda2, Value: 61
  LL_static_lda, Value: 7

INFO:Importance:Best incumbent found in /home/nttd/Dropbox/St-Andrews/carola/experiments/results-details/irace-rdata-files/LL_static-param01/LL_static-param01-5000/11/new-fanova-marginalize
INFO:Importance:Running fanova
INFO:Importance:Setting up Evaluation Method
INFO:Importance:Using model <pimp.epm.unlogged_rfwi.Unloggedrfwi object at 0x7f7d51661358>
INFO:Importance:X shape (1496, 4)
INFO:fANOVA:No preprocessing necessary
INFO:fANOVA:00 LL_static_crossOverBias       : 0.4926
INFO:fANOVA:03 LL_static_lda                 : 0.3625
INFO:fANOVA:01 LL_static_lambda1             : 0.0154
INFO:fANOVA:02 LL_static_lambda2             : 0.0037
INFO:fANOVA:Computing most important pairwise marginals using at most the 4 most important ones.
INFO:fANOVA:-1 LL_st...rBias <> LL_static_lda: 0.0451
INFO:fANOVA:-1 LL_st...rBias <> LL_st...mbda1: 0.0177
INFO:fANOVA:-1 LL_st...rBias <> LL_st...mbda2: 0.0027
INFO:fANOVA:-1 LL_static_lda <> LL_st...mbda1: 0.0261
INFO:fANOVA:-1 LL_static_lda <> LL_st...mbda2: 0.0048
INFO:fANOVA:-1 LL_st...mbda1 <> LL_st...mbda2: 0.0026
INFO:fANOVA:Getting Marginals!
  0%|          | 0/4 [00:00<?, ?it/s]Creating fANOVA plot: LL_static_crossOverBias_log.pn:   0%|          | 0/4 [00:01<?, ?it/s]Creating fANOVA plot: LL_static_crossOverBias_log.pn:  25%|##5       | 1/4 [00:01<00:05,  1.87s/it]Creating fANOVA plot: LL_static_lda_log.png:  25%|##5       | 1/4 [00:03<00:10,  3.58s/it]         Creating fANOVA plot: LL_static_lda_log.png:  50%|#####     | 2/4 [00:03<00:03,  1.79s/it]Creating fANOVA plot: LL_static_lambda1_log.png:  50%|#####     | 2/4 [00:05<00:05,  2.64s/it]Creating fANOVA plot: LL_static_lambda1_log.png:  75%|#######5  | 3/4 [00:05<00:01,  1.76s/it]Creating fANOVA plot: LL_static_lambda2_log.png:  75%|#######5  | 3/4 [00:07<00:02,  2.54s/it]Creating fANOVA plot: LL_static_lambda2_log.png: 100%|##########| 4/4 [00:07<00:00,  1.91s/it]
INFO:fANOVA:Plotting Pairwise-Marginals!
/home/nttd/Dropbox/softwares/miniconda3/lib/python3.6/site-packages/matplotlib/pyplot.py:524: RuntimeWarning: More than 5 figures have been opened. Figures created through the pyplot interface (`matplotlib.pyplot.figure`) are retained until explicitly closed and may consume too much memory. (To control this warning, see the rcParam `figure.max_open_warning`).
  max_open_warning, RuntimeWarning)
                                                 | fANOVA
---------------------------------------------------------
                         LL_static_crossOverBias |  49.260
                                   LL_static_lda |  36.254
                               LL_static_lambda1 |  1.545
                               LL_static_lambda2 |  0.366
    ['LL_static_crossOverBias', 'LL_static_lda'] |  4.513
['LL_static_crossOverBias', 'LL_static_lambda1'] |  1.766
['LL_static_crossOverBias', 'LL_static_lambda2'] |  0.269
          ['LL_static_lda', 'LL_static_lambda1'] |  2.611
          ['LL_static_lda', 'LL_static_lambda2'] |  0.478
      ['LL_static_lambda1', 'LL_static_lambda2'] |  0.263

creating /home/nttd/Dropbox/St-Andrews/carola/experiments/results-details/irace-rdata-files/LL_static-param01/LL_static-param01-5000/11/new-fanova-marginalize/PIMP_fanova/fanova/LL_static_crossOverBias_LL_static_lda.png
creating /home/nttd/Dropbox/St-Andrews/carola/experiments/results-details/irace-rdata-files/LL_static-param01/LL_static-param01-5000/11/new-fanova-marginalize/PIMP_fanova/fanova/interactive_plots
creating /home/nttd/Dropbox/St-Andrews/carola/experiments/results-details/irace-rdata-files/LL_static-param01/LL_static-param01-5000/11/new-fanova-marginalize/PIMP_fanova/fanova/LL_static_lda_LL_static_lambda1.png
creating /home/nttd/Dropbox/St-Andrews/carola/experiments/results-details/irace-rdata-files/LL_static-param01/LL_static-param01-5000/11/new-fanova-marginalize/PIMP_fanova/fanova/interactive_plots
creating /home/nttd/Dropbox/St-Andrews/carola/experiments/results-details/irace-rdata-files/LL_static-param01/LL_static-param01-5000/11/new-fanova-marginalize/PIMP_fanova/fanova/LL_static_crossOverBias_LL_static_lambda1.png
creating /home/nttd/Dropbox/St-Andrews/carola/experiments/results-details/irace-rdata-files/LL_static-param01/LL_static-param01-5000/11/new-fanova-marginalize/PIMP_fanova/fanova/interactive_plots
creating /home/nttd/Dropbox/St-Andrews/carola/experiments/results-details/irace-rdata-files/LL_static-param01/LL_static-param01-5000/11/new-fanova-marginalize/PIMP_fanova/fanova/LL_static_lda_LL_static_lambda2.png
creating /home/nttd/Dropbox/St-Andrews/carola/experiments/results-details/irace-rdata-files/LL_static-param01/LL_static-param01-5000/11/new-fanova-marginalize/PIMP_fanova/fanova/interactive_plots
creating /home/nttd/Dropbox/St-Andrews/carola/experiments/results-details/irace-rdata-files/LL_static-param01/LL_static-param01-5000/11/new-fanova-marginalize/PIMP_fanova/fanova/LL_static_crossOverBias_LL_static_lambda2.png
creating /home/nttd/Dropbox/St-Andrews/carola/experiments/results-details/irace-rdata-files/LL_static-param01/LL_static-param01-5000/11/new-fanova-marginalize/PIMP_fanova/fanova/interactive_plots
creating /home/nttd/Dropbox/St-Andrews/carola/experiments/results-details/irace-rdata-files/LL_static-param01/LL_static-param01-5000/11/new-fanova-marginalize/PIMP_fanova/fanova/LL_static_lambda1_LL_static_lambda2.png
creating /home/nttd/Dropbox/St-Andrews/carola/experiments/results-details/irace-rdata-files/LL_static-param01/LL_static-param01-5000/11/new-fanova-marginalize/PIMP_fanova/fanova/interactive_plots
Parameter Importance values, obtained using the PIMP package. Ablation values are percentages of improvement a single parameter change obtained between the default and an incumbent configuration.
fANOVA values are percentages that show how much variance across the whole ConfigSpace can be explained by that parameter.
Forward Selection values are RMSE values obtained using only a subset of parameters for prediction.
fANOVA and Forward Selection try to estimate the importances across the whole parameter space, while ablation tries to estimate them between two given configurations.
