INFO:Importance:Reading Scenario file and files specified in the scenario
INFO:smac.scenario.scenario.Scenario:Reading scenario file: /home/nttd/Dropbox/St-Andrews/carola/experiments/results-details/irace-rdata-files/LL_static-param01/LL_static-param01-4500/11/new-fanova-marginalize/scenario.txt
INFO:smac.scenario.scenario.Scenario:Output to smac3-output_2018-12-14_15:15:07_717234
INFO:Importance:Reading Runhistory
INFO:Importance:#RunHistories found: 1
INFO:Importance:Combined number of Runhistory data points: 3105
INFO:Importance:Number of Configurations: 1811
INFO:Importance:Converting Data and constructing Model
INFO:Importance:Using model <pimp.epm.unlogged_epar_x_rfwi.UnloggedEPARXrfi object at 0x7f704df373c8>
INFO:Importance:Size of training X: (1552, 5)
INFO:Importance:Size of training y: (1552, 1)
INFO:Importance:Data was not imputed
INFO:Importance:Thus the size of X might be smaller than the datapoints in the RunHistory
INFO:Importance:Fitting Model
INFO:Importance:PREPROCESSING PREPROCESSING PREPROCESSING PREPROCESSING PREPROCESSING PREPROCESSING
INFO:Importance:Marginalizing away all instances!
Completed:   0%|          | 0/1811 [00:00<?, ?it/s]Completed:  11%|#1        | 204/1811 [00:00<00:00, 2039.11it/s]Completed:  24%|##3       | 426/1811 [00:00<00:00, 2127.92it/s]Completed:  35%|###5      | 634/1811 [00:00<00:00, 2111.94it/s]Completed:  49%|####8     | 885/1811 [00:00<00:00, 2210.14it/s]Completed:  62%|######1   | 1117/1811 [00:00<00:00, 2231.78it/s]Completed:  72%|#######2  | 1308/1811 [00:00<00:00, 2174.88it/s]Completed:  85%|########5 | 1547/1811 [00:00<00:00, 2204.42it/s]Completed:  99%|#########8| 1789/1811 [00:00<00:00, 2230.39it/s]Completed: 100%|##########| 1811/1811 [00:00<00:00, 2233.10it/s]
INFO:Importance:Size of training X after preprocessing: (1811, 4)
INFO:Importance:Size of training y after preprocessing: (1811, 1)
INFO:Importance:Finished Preprocessing
INFO:Importance:Reading traj_file: /home/nttd/Dropbox/St-Andrews/carola/experiments/results-details/irace-rdata-files/LL_static-param01/LL_static-param01-4500/11/new-fanova-marginalize/traj_aclib2.json
INFO:Importance:Incumbent Configuration:
  LL_static_crossOverBias, Value: 0.0124
  LL_static_lambda1, Value: 6
  LL_static_lambda2, Value: 63
  LL_static_lda, Value: 8

INFO:Importance:Best incumbent found in /home/nttd/Dropbox/St-Andrews/carola/experiments/results-details/irace-rdata-files/LL_static-param01/LL_static-param01-4500/11/new-fanova-marginalize
INFO:Importance:Running fanova
INFO:Importance:Setting up Evaluation Method
INFO:Importance:Using model <pimp.epm.unlogged_rfwi.Unloggedrfwi object at 0x7f704e0159e8>
INFO:Importance:X shape (1811, 4)
INFO:fANOVA:No preprocessing necessary
INFO:fANOVA:03 LL_static_lda                 : 0.4558
INFO:fANOVA:00 LL_static_crossOverBias       : 0.3513
INFO:fANOVA:01 LL_static_lambda1             : 0.0220
INFO:fANOVA:02 LL_static_lambda2             : 0.0014
INFO:fANOVA:Computing most important pairwise marginals using at most the 4 most important ones.
INFO:fANOVA:-1 LL_static_lda <> LL_st...rBias: 0.0727
INFO:fANOVA:-1 LL_static_lda <> LL_st...mbda1: 0.0315
INFO:fANOVA:-1 LL_static_lda <> LL_st...mbda2: 0.0038
INFO:fANOVA:-1 LL_st...rBias <> LL_st...mbda1: 0.0248
INFO:fANOVA:-1 LL_st...rBias <> LL_st...mbda2: 0.0019
INFO:fANOVA:-1 LL_st...mbda1 <> LL_st...mbda2: 0.0021
INFO:fANOVA:Getting Marginals!
  0%|          | 0/4 [00:00<?, ?it/s]Creating fANOVA plot: LL_static_lda_log.png:   0%|          | 0/4 [00:01<?, ?it/s]Creating fANOVA plot: LL_static_lda_log.png:  25%|##5       | 1/4 [00:01<00:05,  1.88s/it]Creating fANOVA plot: LL_static_crossOverBias_log.pn:  25%|##5       | 1/4 [00:03<00:11,  3.82s/it]Creating fANOVA plot: LL_static_crossOverBias_log.pn:  50%|#####     | 2/4 [00:03<00:03,  1.91s/it]Creating fANOVA plot: LL_static_lambda1_log.png:  50%|#####     | 2/4 [00:06<00:06,  3.01s/it]     Creating fANOVA plot: LL_static_lambda1_log.png:  75%|#######5  | 3/4 [00:06<00:02,  2.01s/it]Creating fANOVA plot: LL_static_lambda2_log.png:  75%|#######5  | 3/4 [00:08<00:02,  2.94s/it]Creating fANOVA plot: LL_static_lambda2_log.png: 100%|##########| 4/4 [00:08<00:00,  2.21s/it]
INFO:fANOVA:Plotting Pairwise-Marginals!
/home/nttd/Dropbox/softwares/miniconda3/lib/python3.6/site-packages/matplotlib/pyplot.py:524: RuntimeWarning: More than 5 figures have been opened. Figures created through the pyplot interface (`matplotlib.pyplot.figure`) are retained until explicitly closed and may consume too much memory. (To control this warning, see the rcParam `figure.max_open_warning`).
  max_open_warning, RuntimeWarning)
                                                 | fANOVA
---------------------------------------------------------
                                   LL_static_lda |  45.581
                         LL_static_crossOverBias |  35.125
                               LL_static_lambda1 |  2.202
                               LL_static_lambda2 |  0.144
    ['LL_static_lda', 'LL_static_crossOverBias'] |  7.267
          ['LL_static_lda', 'LL_static_lambda1'] |  3.149
          ['LL_static_lda', 'LL_static_lambda2'] |  0.383
['LL_static_crossOverBias', 'LL_static_lambda1'] |  2.483
['LL_static_crossOverBias', 'LL_static_lambda2'] |  0.190
      ['LL_static_lambda1', 'LL_static_lambda2'] |  0.205

creating /home/nttd/Dropbox/St-Andrews/carola/experiments/results-details/irace-rdata-files/LL_static-param01/LL_static-param01-4500/11/new-fanova-marginalize/PIMP_fanova/fanova/LL_static_lda_LL_static_crossOverBias.png
creating /home/nttd/Dropbox/St-Andrews/carola/experiments/results-details/irace-rdata-files/LL_static-param01/LL_static-param01-4500/11/new-fanova-marginalize/PIMP_fanova/fanova/interactive_plots
creating /home/nttd/Dropbox/St-Andrews/carola/experiments/results-details/irace-rdata-files/LL_static-param01/LL_static-param01-4500/11/new-fanova-marginalize/PIMP_fanova/fanova/LL_static_lda_LL_static_lambda1.png
creating /home/nttd/Dropbox/St-Andrews/carola/experiments/results-details/irace-rdata-files/LL_static-param01/LL_static-param01-4500/11/new-fanova-marginalize/PIMP_fanova/fanova/interactive_plots
creating /home/nttd/Dropbox/St-Andrews/carola/experiments/results-details/irace-rdata-files/LL_static-param01/LL_static-param01-4500/11/new-fanova-marginalize/PIMP_fanova/fanova/LL_static_crossOverBias_LL_static_lambda1.png
creating /home/nttd/Dropbox/St-Andrews/carola/experiments/results-details/irace-rdata-files/LL_static-param01/LL_static-param01-4500/11/new-fanova-marginalize/PIMP_fanova/fanova/interactive_plots
creating /home/nttd/Dropbox/St-Andrews/carola/experiments/results-details/irace-rdata-files/LL_static-param01/LL_static-param01-4500/11/new-fanova-marginalize/PIMP_fanova/fanova/LL_static_lda_LL_static_lambda2.png
creating /home/nttd/Dropbox/St-Andrews/carola/experiments/results-details/irace-rdata-files/LL_static-param01/LL_static-param01-4500/11/new-fanova-marginalize/PIMP_fanova/fanova/interactive_plots
creating /home/nttd/Dropbox/St-Andrews/carola/experiments/results-details/irace-rdata-files/LL_static-param01/LL_static-param01-4500/11/new-fanova-marginalize/PIMP_fanova/fanova/LL_static_lambda1_LL_static_lambda2.png
creating /home/nttd/Dropbox/St-Andrews/carola/experiments/results-details/irace-rdata-files/LL_static-param01/LL_static-param01-4500/11/new-fanova-marginalize/PIMP_fanova/fanova/interactive_plots
creating /home/nttd/Dropbox/St-Andrews/carola/experiments/results-details/irace-rdata-files/LL_static-param01/LL_static-param01-4500/11/new-fanova-marginalize/PIMP_fanova/fanova/LL_static_crossOverBias_LL_static_lambda2.png
creating /home/nttd/Dropbox/St-Andrews/carola/experiments/results-details/irace-rdata-files/LL_static-param01/LL_static-param01-4500/11/new-fanova-marginalize/PIMP_fanova/fanova/interactive_plots
Parameter Importance values, obtained using the PIMP package. Ablation values are percentages of improvement a single parameter change obtained between the default and an incumbent configuration.
fANOVA values are percentages that show how much variance across the whole ConfigSpace can be explained by that parameter.
Forward Selection values are RMSE values obtained using only a subset of parameters for prediction.
fANOVA and Forward Selection try to estimate the importances across the whole parameter space, while ablation tries to estimate them between two given configurations.
