INFO:Importance:Reading Scenario file and files specified in the scenario
INFO:smac.scenario.scenario.Scenario:Reading scenario file: /home/nttd/Dropbox/St-Andrews/carola/experiments/results-details/irace-rdata-files/LL_dynamic_01-param01/LL_dynamic_01-param01-4000/11/new-fanova-marginalize/scenario.txt
INFO:smac.scenario.scenario.Scenario:Output to smac3-output_2018-12-14_15:55:41_149128
INFO:Importance:Reading Runhistory
INFO:Importance:#RunHistories found: 1
INFO:Importance:Combined number of Runhistory data points: 4927
INFO:Importance:Number of Configurations: 2009
INFO:Importance:Converting Data and constructing Model
INFO:Importance:Using model <pimp.epm.unlogged_epar_x_rfwi.UnloggedEPARXrfi object at 0x7f7c6ce3c550>
INFO:Importance:Size of training X: (3422, 3)
INFO:Importance:Size of training y: (3422, 1)
INFO:Importance:Data was not imputed
INFO:Importance:Thus the size of X might be smaller than the datapoints in the RunHistory
INFO:Importance:Fitting Model
INFO:Importance:PREPROCESSING PREPROCESSING PREPROCESSING PREPROCESSING PREPROCESSING PREPROCESSING
INFO:Importance:Marginalizing away all instances!
Completed:   0%|          | 0/2009 [00:00<?, ?it/s]Completed:  16%|#6        | 327/2009 [00:00<00:00, 3265.76it/s]Completed:  34%|###3      | 675/2009 [00:00<00:00, 3371.42it/s]Completed:  50%|#####     | 1013/2009 [00:00<00:00, 3371.15it/s]Completed:  68%|######7   | 1364/2009 [00:00<00:00, 3405.52it/s]Completed:  85%|########5 | 1716/2009 [00:00<00:00, 3427.92it/s]Completed: 100%|##########| 2009/2009 [00:00<00:00, 3440.75it/s]
INFO:Importance:Size of training X after preprocessing: (2009, 2)
INFO:Importance:Size of training y after preprocessing: (2009, 1)
INFO:Importance:Finished Preprocessing
INFO:Importance:Reading traj_file: /home/nttd/Dropbox/St-Andrews/carola/experiments/results-details/irace-rdata-files/LL_dynamic_01-param01/LL_dynamic_01-param01-4000/11/new-fanova-marginalize/traj_aclib2.json
INFO:Importance:Incumbent Configuration:
  LL_dynamic_01_a, Value: 1.1082
  LL_dynamic_01_b, Value: 0.6361

INFO:Importance:Best incumbent found in /home/nttd/Dropbox/St-Andrews/carola/experiments/results-details/irace-rdata-files/LL_dynamic_01-param01/LL_dynamic_01-param01-4000/11/new-fanova-marginalize
INFO:Importance:Running fanova
INFO:Importance:Setting up Evaluation Method
INFO:Importance:Using model <pimp.epm.unlogged_rfwi.Unloggedrfwi object at 0x7f7c6ceae128>
INFO:Importance:X shape (2009, 2)
INFO:fANOVA:No preprocessing necessary
INFO:fANOVA:00 LL_dynamic_01_a               : 0.6683
INFO:fANOVA:01 LL_dynamic_01_b               : 0.1898
INFO:fANOVA:Computing most important pairwise marginals using at most the 2 most important ones.
INFO:fANOVA:-1 LL_dy..._01_a <> LL_dy..._01_b: 0.1419
INFO:fANOVA:Getting Marginals!
  0%|          | 0/2 [00:00<?, ?it/s]Creating fANOVA plot: LL_dynamic_01_a_log.png:   0%|          | 0/2 [00:01<?, ?it/s]Creating fANOVA plot: LL_dynamic_01_a_log.png:  50%|#####     | 1/2 [00:01<00:01,  1.43s/it]Creating fANOVA plot: LL_dynamic_01_b_log.png:  50%|#####     | 1/2 [00:02<00:02,  2.68s/it]Creating fANOVA plot: LL_dynamic_01_b_log.png: 100%|##########| 2/2 [00:02<00:00,  1.34s/it]
INFO:fANOVA:Plotting Pairwise-Marginals!
                                       | fANOVA
-----------------------------------------------
                       LL_dynamic_01_a |  66.833
                       LL_dynamic_01_b |  18.978
['LL_dynamic_01_a', 'LL_dynamic_01_b'] |  14.188

creating /home/nttd/Dropbox/St-Andrews/carola/experiments/results-details/irace-rdata-files/LL_dynamic_01-param01/LL_dynamic_01-param01-4000/11/new-fanova-marginalize/PIMP_fanova/fanova/LL_dynamic_01_a_LL_dynamic_01_b.png
creating /home/nttd/Dropbox/St-Andrews/carola/experiments/results-details/irace-rdata-files/LL_dynamic_01-param01/LL_dynamic_01-param01-4000/11/new-fanova-marginalize/PIMP_fanova/fanova/interactive_plots
Parameter Importance values, obtained using the PIMP package. Ablation values are percentages of improvement a single parameter change obtained between the default and an incumbent configuration.
fANOVA values are percentages that show how much variance across the whole ConfigSpace can be explained by that parameter.
Forward Selection values are RMSE values obtained using only a subset of parameters for prediction.
fANOVA and Forward Selection try to estimate the importances across the whole parameter space, while ablation tries to estimate them between two given configurations.
