INFO:Importance:Reading Scenario file and files specified in the scenario
INFO:smac.scenario.scenario.Scenario:Reading scenario file: /home/nttd/Dropbox/St-Andrews/carola/experiments/results-details/irace-rdata-files/LL_dynamic_02-param02/LL_dynamic_02-param02-4000/11/new-fanova-marginalize/scenario.txt
INFO:smac.scenario.scenario.Scenario:Output to smac3-output_2018-12-14_16:55:52_257995
INFO:Importance:Reading Runhistory
INFO:Importance:#RunHistories found: 1
INFO:Importance:Combined number of Runhistory data points: 4957
INFO:Importance:Number of Configurations: 1942
INFO:Importance:Converting Data and constructing Model
INFO:Importance:Using model <pimp.epm.unlogged_epar_x_rfwi.UnloggedEPARXrfi object at 0x7fce7b9a21d0>
INFO:Importance:Size of training X: (3468, 6)
INFO:Importance:Size of training y: (3468, 1)
INFO:Importance:Data was not imputed
INFO:Importance:Thus the size of X might be smaller than the datapoints in the RunHistory
INFO:Importance:Fitting Model
INFO:Importance:PREPROCESSING PREPROCESSING PREPROCESSING PREPROCESSING PREPROCESSING PREPROCESSING
INFO:Importance:Marginalizing away all instances!
Completed:   0%|          | 0/1942 [00:00<?, ?it/s]Completed:  14%|#4        | 280/1942 [00:00<00:00, 2798.26it/s]Completed:  26%|##5       | 501/1942 [00:00<00:00, 2497.17it/s]Completed:  37%|###7      | 721/1942 [00:00<00:00, 2397.67it/s]Completed:  50%|####9     | 964/1942 [00:00<00:00, 2405.67it/s]Completed:  64%|######3   | 1240/1942 [00:00<00:00, 2475.73it/s]Completed:  78%|#######8  | 1518/1942 [00:00<00:00, 2524.87it/s]Completed:  93%|#########2| 1797/1942 [00:00<00:00, 2562.09it/s]Completed: 100%|##########| 1942/1942 [00:00<00:00, 2566.54it/s]
INFO:Importance:Size of training X after preprocessing: (1942, 5)
INFO:Importance:Size of training y after preprocessing: (1942, 1)
INFO:Importance:Finished Preprocessing
INFO:Importance:Reading traj_file: /home/nttd/Dropbox/St-Andrews/carola/experiments/results-details/irace-rdata-files/LL_dynamic_02-param02/LL_dynamic_02-param02-4000/11/new-fanova-marginalize/traj_aclib2.json
INFO:Importance:Incumbent Configuration:
  LL_dynamic_02_a, Value: 1.1676
  LL_dynamic_02_alpha, Value: 0.4263
  LL_dynamic_02_b, Value: 0.6747
  LL_dynamic_02_beta, Value: 1.7195
  LL_dynamic_02_gamma, Value: 0.8958

INFO:Importance:Best incumbent found in /home/nttd/Dropbox/St-Andrews/carola/experiments/results-details/irace-rdata-files/LL_dynamic_02-param02/LL_dynamic_02-param02-4000/11/new-fanova-marginalize
INFO:Importance:Running fanova
INFO:Importance:Setting up Evaluation Method
INFO:Importance:Using model <pimp.epm.unlogged_rfwi.Unloggedrfwi object at 0x7fce7b9aa710>
INFO:Importance:X shape (1942, 5)
INFO:fANOVA:No preprocessing necessary
INFO:fANOVA:01 LL_dynamic_02_alpha           : 0.5858
INFO:fANOVA:04 LL_dynamic_02_gamma           : 0.2476
INFO:fANOVA:00 LL_dynamic_02_a               : 0.0204
INFO:fANOVA:02 LL_dynamic_02_b               : 0.0167
INFO:fANOVA:03 LL_dynamic_02_beta            : 0.0041
INFO:fANOVA:Computing most important pairwise marginals using at most the 5 most important ones.
INFO:fANOVA:-1 LL_dy...alpha <> LL_dy...gamma: 0.0272
INFO:fANOVA:-1 LL_dy...alpha <> LL_dy..._02_a: 0.0390
INFO:fANOVA:-1 LL_dy...alpha <> LL_dy..._02_b: 0.0047
INFO:fANOVA:-1 LL_dy...alpha <> LL_dy..._beta: 0.0017
INFO:fANOVA:-1 LL_dy...gamma <> LL_dy..._02_a: 0.0087
INFO:fANOVA:-1 LL_dy...gamma <> LL_dy..._02_b: 0.0060
INFO:fANOVA:-1 LL_dy...gamma <> LL_dy..._beta: 0.0043
INFO:fANOVA:-1 LL_dy..._02_a <> LL_dy..._02_b: 0.0058
INFO:fANOVA:-1 LL_dy..._02_a <> LL_dy..._beta: 0.0021
INFO:fANOVA:-1 LL_dy..._02_b <> LL_dy..._beta: 0.0017
INFO:fANOVA:Getting Marginals!
  0%|          | 0/5 [00:00<?, ?it/s]Creating fANOVA plot: LL_dynamic_02_alpha_log.png:   0%|          | 0/5 [00:01<?, ?it/s]Creating fANOVA plot: LL_dynamic_02_alpha_log.png:  20%|##        | 1/5 [00:01<00:06,  1.59s/it]Creating fANOVA plot: LL_dynamic_02_gamma_log.png:  20%|##        | 1/5 [00:03<00:12,  3.11s/it]Creating fANOVA plot: LL_dynamic_02_gamma_log.png:  40%|####      | 2/5 [00:03<00:04,  1.55s/it]Creating fANOVA plot: LL_dynamic_02_a_log.png:  40%|####      | 2/5 [00:04<00:07,  2.40s/it]    Creating fANOVA plot: LL_dynamic_02_a_log.png:  60%|######    | 3/5 [00:04<00:03,  1.60s/it]Creating fANOVA plot: LL_dynamic_02_b_log.png:  60%|######    | 3/5 [00:06<00:04,  2.29s/it]Creating fANOVA plot: LL_dynamic_02_b_log.png:  80%|########  | 4/5 [00:06<00:01,  1.71s/it]Creating fANOVA plot: LL_dynamic_02_beta_log.png:  80%|########  | 4/5 [00:08<00:02,  2.13s/it]Creating fANOVA plot: LL_dynamic_02_beta_log.png: 100%|##########| 5/5 [00:08<00:00,  1.70s/it]
INFO:fANOVA:Plotting Pairwise-Marginals!
/home/nttd/Dropbox/softwares/miniconda3/lib/python3.6/site-packages/matplotlib/pyplot.py:524: RuntimeWarning: More than 5 figures have been opened. Figures created through the pyplot interface (`matplotlib.pyplot.figure`) are retained until explicitly closed and may consume too much memory. (To control this warning, see the rcParam `figure.max_open_warning`).
  max_open_warning, RuntimeWarning)
                                               | fANOVA
-------------------------------------------------------
                           LL_dynamic_02_alpha |  58.579
                           LL_dynamic_02_gamma |  24.755
                               LL_dynamic_02_a |  2.036
                               LL_dynamic_02_b |  1.671
                            LL_dynamic_02_beta |  0.414
['LL_dynamic_02_alpha', 'LL_dynamic_02_gamma'] |  2.725
    ['LL_dynamic_02_alpha', 'LL_dynamic_02_a'] |  3.904
    ['LL_dynamic_02_alpha', 'LL_dynamic_02_b'] |  0.474
 ['LL_dynamic_02_alpha', 'LL_dynamic_02_beta'] |  0.165
    ['LL_dynamic_02_gamma', 'LL_dynamic_02_a'] |  0.869
    ['LL_dynamic_02_gamma', 'LL_dynamic_02_b'] |  0.598
 ['LL_dynamic_02_gamma', 'LL_dynamic_02_beta'] |  0.430
        ['LL_dynamic_02_a', 'LL_dynamic_02_b'] |  0.576
     ['LL_dynamic_02_a', 'LL_dynamic_02_beta'] |  0.209
     ['LL_dynamic_02_b', 'LL_dynamic_02_beta'] |  0.171

creating /home/nttd/Dropbox/St-Andrews/carola/experiments/results-details/irace-rdata-files/LL_dynamic_02-param02/LL_dynamic_02-param02-4000/11/new-fanova-marginalize/PIMP_fanova/fanova/LL_dynamic_02_alpha_LL_dynamic_02_a.png
creating /home/nttd/Dropbox/St-Andrews/carola/experiments/results-details/irace-rdata-files/LL_dynamic_02-param02/LL_dynamic_02-param02-4000/11/new-fanova-marginalize/PIMP_fanova/fanova/interactive_plots
creating /home/nttd/Dropbox/St-Andrews/carola/experiments/results-details/irace-rdata-files/LL_dynamic_02-param02/LL_dynamic_02-param02-4000/11/new-fanova-marginalize/PIMP_fanova/fanova/LL_dynamic_02_alpha_LL_dynamic_02_gamma.png
creating /home/nttd/Dropbox/St-Andrews/carola/experiments/results-details/irace-rdata-files/LL_dynamic_02-param02/LL_dynamic_02-param02-4000/11/new-fanova-marginalize/PIMP_fanova/fanova/interactive_plots
creating /home/nttd/Dropbox/St-Andrews/carola/experiments/results-details/irace-rdata-files/LL_dynamic_02-param02/LL_dynamic_02-param02-4000/11/new-fanova-marginalize/PIMP_fanova/fanova/LL_dynamic_02_gamma_LL_dynamic_02_a.png
creating /home/nttd/Dropbox/St-Andrews/carola/experiments/results-details/irace-rdata-files/LL_dynamic_02-param02/LL_dynamic_02-param02-4000/11/new-fanova-marginalize/PIMP_fanova/fanova/interactive_plots
creating /home/nttd/Dropbox/St-Andrews/carola/experiments/results-details/irace-rdata-files/LL_dynamic_02-param02/LL_dynamic_02-param02-4000/11/new-fanova-marginalize/PIMP_fanova/fanova/LL_dynamic_02_gamma_LL_dynamic_02_b.png
creating /home/nttd/Dropbox/St-Andrews/carola/experiments/results-details/irace-rdata-files/LL_dynamic_02-param02/LL_dynamic_02-param02-4000/11/new-fanova-marginalize/PIMP_fanova/fanova/interactive_plots
creating /home/nttd/Dropbox/St-Andrews/carola/experiments/results-details/irace-rdata-files/LL_dynamic_02-param02/LL_dynamic_02-param02-4000/11/new-fanova-marginalize/PIMP_fanova/fanova/LL_dynamic_02_a_LL_dynamic_02_b.png
creating /home/nttd/Dropbox/St-Andrews/carola/experiments/results-details/irace-rdata-files/LL_dynamic_02-param02/LL_dynamic_02-param02-4000/11/new-fanova-marginalize/PIMP_fanova/fanova/interactive_plots
creating /home/nttd/Dropbox/St-Andrews/carola/experiments/results-details/irace-rdata-files/LL_dynamic_02-param02/LL_dynamic_02-param02-4000/11/new-fanova-marginalize/PIMP_fanova/fanova/LL_dynamic_02_alpha_LL_dynamic_02_b.png
creating /home/nttd/Dropbox/St-Andrews/carola/experiments/results-details/irace-rdata-files/LL_dynamic_02-param02/LL_dynamic_02-param02-4000/11/new-fanova-marginalize/PIMP_fanova/fanova/interactive_plots
creating /home/nttd/Dropbox/St-Andrews/carola/experiments/results-details/irace-rdata-files/LL_dynamic_02-param02/LL_dynamic_02-param02-4000/11/new-fanova-marginalize/PIMP_fanova/fanova/LL_dynamic_02_gamma_LL_dynamic_02_beta.png
creating /home/nttd/Dropbox/St-Andrews/carola/experiments/results-details/irace-rdata-files/LL_dynamic_02-param02/LL_dynamic_02-param02-4000/11/new-fanova-marginalize/PIMP_fanova/fanova/interactive_plots
creating /home/nttd/Dropbox/St-Andrews/carola/experiments/results-details/irace-rdata-files/LL_dynamic_02-param02/LL_dynamic_02-param02-4000/11/new-fanova-marginalize/PIMP_fanova/fanova/LL_dynamic_02_a_LL_dynamic_02_beta.png
creating /home/nttd/Dropbox/St-Andrews/carola/experiments/results-details/irace-rdata-files/LL_dynamic_02-param02/LL_dynamic_02-param02-4000/11/new-fanova-marginalize/PIMP_fanova/fanova/interactive_plots
creating /home/nttd/Dropbox/St-Andrews/carola/experiments/results-details/irace-rdata-files/LL_dynamic_02-param02/LL_dynamic_02-param02-4000/11/new-fanova-marginalize/PIMP_fanova/fanova/LL_dynamic_02_b_LL_dynamic_02_beta.png
creating /home/nttd/Dropbox/St-Andrews/carola/experiments/results-details/irace-rdata-files/LL_dynamic_02-param02/LL_dynamic_02-param02-4000/11/new-fanova-marginalize/PIMP_fanova/fanova/interactive_plots
creating /home/nttd/Dropbox/St-Andrews/carola/experiments/results-details/irace-rdata-files/LL_dynamic_02-param02/LL_dynamic_02-param02-4000/11/new-fanova-marginalize/PIMP_fanova/fanova/LL_dynamic_02_alpha_LL_dynamic_02_beta.png
creating /home/nttd/Dropbox/St-Andrews/carola/experiments/results-details/irace-rdata-files/LL_dynamic_02-param02/LL_dynamic_02-param02-4000/11/new-fanova-marginalize/PIMP_fanova/fanova/interactive_plots
Parameter Importance values, obtained using the PIMP package. Ablation values are percentages of improvement a single parameter change obtained between the default and an incumbent configuration.
fANOVA values are percentages that show how much variance across the whole ConfigSpace can be explained by that parameter.
Forward Selection values are RMSE values obtained using only a subset of parameters for prediction.
fANOVA and Forward Selection try to estimate the importances across the whole parameter space, while ablation tries to estimate them between two given configurations.
