INFO:Importance:Reading Scenario file and files specified in the scenario
INFO:smac.scenario.scenario.Scenario:Reading scenario file: /home/nttd/Dropbox/St-Andrews/carola/experiments/results-details/irace-rdata-files/LL_dynamic_02-param02/LL_dynamic_02-param02-8000/11/new-fanova-marginalize/scenario.txt
INFO:smac.scenario.scenario.Scenario:Output to smac3-output_2018-12-14_17:10:06_881206
INFO:Importance:Reading Runhistory
INFO:Importance:#RunHistories found: 1
INFO:Importance:Combined number of Runhistory data points: 4957
INFO:Importance:Number of Configurations: 1994
INFO:Importance:Converting Data and constructing Model
INFO:Importance:Using model <pimp.epm.unlogged_epar_x_rfwi.UnloggedEPARXrfi object at 0x7fe521e89c50>
INFO:Importance:Size of training X: (3372, 6)
INFO:Importance:Size of training y: (3372, 1)
INFO:Importance:Data was not imputed
INFO:Importance:Thus the size of X might be smaller than the datapoints in the RunHistory
INFO:Importance:Fitting Model
INFO:Importance:PREPROCESSING PREPROCESSING PREPROCESSING PREPROCESSING PREPROCESSING PREPROCESSING
INFO:Importance:Marginalizing away all instances!
Completed:   0%|          | 0/1994 [00:00<?, ?it/s]Completed:  13%|#3        | 266/1994 [00:00<00:00, 2651.25it/s]Completed:  27%|##7       | 545/1994 [00:00<00:00, 2716.84it/s]Completed:  41%|####1     | 823/1994 [00:00<00:00, 2735.15it/s]Completed:  55%|#####5    | 1101/1994 [00:00<00:00, 2745.45it/s]Completed:  69%|######9   | 1378/1994 [00:00<00:00, 2748.57it/s]Completed:  83%|########2 | 1653/1994 [00:00<00:00, 2747.69it/s]Completed:  97%|#########6| 1927/1994 [00:00<00:00, 2746.29it/s]Completed: 100%|##########| 1994/1994 [00:00<00:00, 2738.73it/s]
INFO:Importance:Size of training X after preprocessing: (1994, 5)
INFO:Importance:Size of training y after preprocessing: (1994, 1)
INFO:Importance:Finished Preprocessing
INFO:Importance:Reading traj_file: /home/nttd/Dropbox/St-Andrews/carola/experiments/results-details/irace-rdata-files/LL_dynamic_02-param02/LL_dynamic_02-param02-8000/11/new-fanova-marginalize/traj_aclib2.json
INFO:Importance:Incumbent Configuration:
  LL_dynamic_02_a, Value: 1.1096
  LL_dynamic_02_alpha, Value: 0.4895
  LL_dynamic_02_b, Value: 0.783
  LL_dynamic_02_beta, Value: 1.6058
  LL_dynamic_02_gamma, Value: 0.9544

INFO:Importance:Best incumbent found in /home/nttd/Dropbox/St-Andrews/carola/experiments/results-details/irace-rdata-files/LL_dynamic_02-param02/LL_dynamic_02-param02-8000/11/new-fanova-marginalize
INFO:Importance:Running fanova
INFO:Importance:Setting up Evaluation Method
INFO:Importance:Using model <pimp.epm.unlogged_rfwi.Unloggedrfwi object at 0x7fe521e981d0>
INFO:Importance:X shape (1994, 5)
INFO:fANOVA:No preprocessing necessary
INFO:fANOVA:01 LL_dynamic_02_alpha           : 0.6623
INFO:fANOVA:04 LL_dynamic_02_gamma           : 0.1686
INFO:fANOVA:00 LL_dynamic_02_a               : 0.0235
INFO:fANOVA:02 LL_dynamic_02_b               : 0.0096
INFO:fANOVA:03 LL_dynamic_02_beta            : 0.0038
INFO:fANOVA:Computing most important pairwise marginals using at most the 5 most important ones.
INFO:fANOVA:-1 LL_dy...alpha <> LL_dy...gamma: 0.0330
INFO:fANOVA:-1 LL_dy...alpha <> LL_dy..._02_a: 0.0403
INFO:fANOVA:-1 LL_dy...alpha <> LL_dy..._02_b: 0.0050
INFO:fANOVA:-1 LL_dy...alpha <> LL_dy..._beta: 0.0022
INFO:fANOVA:-1 LL_dy...gamma <> LL_dy..._02_a: 0.0074
INFO:fANOVA:-1 LL_dy...gamma <> LL_dy..._02_b: 0.0061
INFO:fANOVA:-1 LL_dy...gamma <> LL_dy..._beta: 0.0026
INFO:fANOVA:-1 LL_dy..._02_a <> LL_dy..._02_b: 0.0061
INFO:fANOVA:-1 LL_dy..._02_a <> LL_dy..._beta: 0.0018
INFO:fANOVA:-1 LL_dy..._02_b <> LL_dy..._beta: 0.0017
INFO:fANOVA:Getting Marginals!
  0%|          | 0/5 [00:00<?, ?it/s]Creating fANOVA plot: LL_dynamic_02_alpha_log.png:   0%|          | 0/5 [00:01<?, ?it/s]Creating fANOVA plot: LL_dynamic_02_alpha_log.png:  20%|##        | 1/5 [00:01<00:06,  1.50s/it]Creating fANOVA plot: LL_dynamic_02_gamma_log.png:  20%|##        | 1/5 [00:02<00:11,  3.00s/it]Creating fANOVA plot: LL_dynamic_02_gamma_log.png:  40%|####      | 2/5 [00:02<00:04,  1.50s/it]Creating fANOVA plot: LL_dynamic_02_a_log.png:  40%|####      | 2/5 [00:04<00:07,  2.41s/it]    Creating fANOVA plot: LL_dynamic_02_a_log.png:  60%|######    | 3/5 [00:04<00:03,  1.60s/it]Creating fANOVA plot: LL_dynamic_02_b_log.png:  60%|######    | 3/5 [00:06<00:04,  2.14s/it]Creating fANOVA plot: LL_dynamic_02_b_log.png:  80%|########  | 4/5 [00:06<00:01,  1.60s/it]Creating fANOVA plot: LL_dynamic_02_beta_log.png:  80%|########  | 4/5 [00:08<00:02,  2.06s/it]Creating fANOVA plot: LL_dynamic_02_beta_log.png: 100%|##########| 5/5 [00:08<00:00,  1.65s/it]
INFO:fANOVA:Plotting Pairwise-Marginals!
/home/nttd/Dropbox/softwares/miniconda3/lib/python3.6/site-packages/matplotlib/pyplot.py:524: RuntimeWarning: More than 5 figures have been opened. Figures created through the pyplot interface (`matplotlib.pyplot.figure`) are retained until explicitly closed and may consume too much memory. (To control this warning, see the rcParam `figure.max_open_warning`).
  max_open_warning, RuntimeWarning)
                                               | fANOVA
-------------------------------------------------------
                           LL_dynamic_02_alpha |  66.235
                           LL_dynamic_02_gamma |  16.860
                               LL_dynamic_02_a |  2.353
                               LL_dynamic_02_b |  0.961
                            LL_dynamic_02_beta |  0.378
['LL_dynamic_02_alpha', 'LL_dynamic_02_gamma'] |  3.298
    ['LL_dynamic_02_alpha', 'LL_dynamic_02_a'] |  4.033
    ['LL_dynamic_02_alpha', 'LL_dynamic_02_b'] |  0.501
 ['LL_dynamic_02_alpha', 'LL_dynamic_02_beta'] |  0.223
    ['LL_dynamic_02_gamma', 'LL_dynamic_02_a'] |  0.740
    ['LL_dynamic_02_gamma', 'LL_dynamic_02_b'] |  0.613
 ['LL_dynamic_02_gamma', 'LL_dynamic_02_beta'] |  0.262
        ['LL_dynamic_02_a', 'LL_dynamic_02_b'] |  0.612
     ['LL_dynamic_02_a', 'LL_dynamic_02_beta'] |  0.178
     ['LL_dynamic_02_b', 'LL_dynamic_02_beta'] |  0.170

creating /home/nttd/Dropbox/St-Andrews/carola/experiments/results-details/irace-rdata-files/LL_dynamic_02-param02/LL_dynamic_02-param02-8000/11/new-fanova-marginalize/PIMP_fanova/fanova/LL_dynamic_02_alpha_LL_dynamic_02_a.png
creating /home/nttd/Dropbox/St-Andrews/carola/experiments/results-details/irace-rdata-files/LL_dynamic_02-param02/LL_dynamic_02-param02-8000/11/new-fanova-marginalize/PIMP_fanova/fanova/interactive_plots
creating /home/nttd/Dropbox/St-Andrews/carola/experiments/results-details/irace-rdata-files/LL_dynamic_02-param02/LL_dynamic_02-param02-8000/11/new-fanova-marginalize/PIMP_fanova/fanova/LL_dynamic_02_alpha_LL_dynamic_02_gamma.png
creating /home/nttd/Dropbox/St-Andrews/carola/experiments/results-details/irace-rdata-files/LL_dynamic_02-param02/LL_dynamic_02-param02-8000/11/new-fanova-marginalize/PIMP_fanova/fanova/interactive_plots
creating /home/nttd/Dropbox/St-Andrews/carola/experiments/results-details/irace-rdata-files/LL_dynamic_02-param02/LL_dynamic_02-param02-8000/11/new-fanova-marginalize/PIMP_fanova/fanova/LL_dynamic_02_gamma_LL_dynamic_02_a.png
creating /home/nttd/Dropbox/St-Andrews/carola/experiments/results-details/irace-rdata-files/LL_dynamic_02-param02/LL_dynamic_02-param02-8000/11/new-fanova-marginalize/PIMP_fanova/fanova/interactive_plots
creating /home/nttd/Dropbox/St-Andrews/carola/experiments/results-details/irace-rdata-files/LL_dynamic_02-param02/LL_dynamic_02-param02-8000/11/new-fanova-marginalize/PIMP_fanova/fanova/LL_dynamic_02_gamma_LL_dynamic_02_b.png
creating /home/nttd/Dropbox/St-Andrews/carola/experiments/results-details/irace-rdata-files/LL_dynamic_02-param02/LL_dynamic_02-param02-8000/11/new-fanova-marginalize/PIMP_fanova/fanova/interactive_plots
creating /home/nttd/Dropbox/St-Andrews/carola/experiments/results-details/irace-rdata-files/LL_dynamic_02-param02/LL_dynamic_02-param02-8000/11/new-fanova-marginalize/PIMP_fanova/fanova/LL_dynamic_02_a_LL_dynamic_02_b.png
creating /home/nttd/Dropbox/St-Andrews/carola/experiments/results-details/irace-rdata-files/LL_dynamic_02-param02/LL_dynamic_02-param02-8000/11/new-fanova-marginalize/PIMP_fanova/fanova/interactive_plots
creating /home/nttd/Dropbox/St-Andrews/carola/experiments/results-details/irace-rdata-files/LL_dynamic_02-param02/LL_dynamic_02-param02-8000/11/new-fanova-marginalize/PIMP_fanova/fanova/LL_dynamic_02_alpha_LL_dynamic_02_b.png
creating /home/nttd/Dropbox/St-Andrews/carola/experiments/results-details/irace-rdata-files/LL_dynamic_02-param02/LL_dynamic_02-param02-8000/11/new-fanova-marginalize/PIMP_fanova/fanova/interactive_plots
creating /home/nttd/Dropbox/St-Andrews/carola/experiments/results-details/irace-rdata-files/LL_dynamic_02-param02/LL_dynamic_02-param02-8000/11/new-fanova-marginalize/PIMP_fanova/fanova/LL_dynamic_02_gamma_LL_dynamic_02_beta.png
creating /home/nttd/Dropbox/St-Andrews/carola/experiments/results-details/irace-rdata-files/LL_dynamic_02-param02/LL_dynamic_02-param02-8000/11/new-fanova-marginalize/PIMP_fanova/fanova/interactive_plots
creating /home/nttd/Dropbox/St-Andrews/carola/experiments/results-details/irace-rdata-files/LL_dynamic_02-param02/LL_dynamic_02-param02-8000/11/new-fanova-marginalize/PIMP_fanova/fanova/LL_dynamic_02_alpha_LL_dynamic_02_beta.png
creating /home/nttd/Dropbox/St-Andrews/carola/experiments/results-details/irace-rdata-files/LL_dynamic_02-param02/LL_dynamic_02-param02-8000/11/new-fanova-marginalize/PIMP_fanova/fanova/interactive_plots
creating /home/nttd/Dropbox/St-Andrews/carola/experiments/results-details/irace-rdata-files/LL_dynamic_02-param02/LL_dynamic_02-param02-8000/11/new-fanova-marginalize/PIMP_fanova/fanova/LL_dynamic_02_a_LL_dynamic_02_beta.png
creating /home/nttd/Dropbox/St-Andrews/carola/experiments/results-details/irace-rdata-files/LL_dynamic_02-param02/LL_dynamic_02-param02-8000/11/new-fanova-marginalize/PIMP_fanova/fanova/interactive_plots
creating /home/nttd/Dropbox/St-Andrews/carola/experiments/results-details/irace-rdata-files/LL_dynamic_02-param02/LL_dynamic_02-param02-8000/11/new-fanova-marginalize/PIMP_fanova/fanova/LL_dynamic_02_b_LL_dynamic_02_beta.png
creating /home/nttd/Dropbox/St-Andrews/carola/experiments/results-details/irace-rdata-files/LL_dynamic_02-param02/LL_dynamic_02-param02-8000/11/new-fanova-marginalize/PIMP_fanova/fanova/interactive_plots
Parameter Importance values, obtained using the PIMP package. Ablation values are percentages of improvement a single parameter change obtained between the default and an incumbent configuration.
fANOVA values are percentages that show how much variance across the whole ConfigSpace can be explained by that parameter.
Forward Selection values are RMSE values obtained using only a subset of parameters for prediction.
fANOVA and Forward Selection try to estimate the importances across the whole parameter space, while ablation tries to estimate them between two given configurations.
